<?xml version="1.0" encoding="UTF-8" standalone="yes"?><!DOCTYPE report PUBLIC "-//JACOCO//DTD Report 1.1//EN" "report.dtd"><report name="GC18"><sessioninfo id="MacBook-Pro-di-Matteo-2.local-c9756dbd" start="1653744037542" dump="1653744037905"/><sessioninfo id="MacBook-Pro-di-Matteo-2.local-88248a9d" start="1653745188731" dump="1653745189052"/><sessioninfo id="MacBook-Pro-di-Matteo-2.local-688e44a9" start="1653745307709" dump="1653745307996"/><sessioninfo id="MacBook-Pro-di-Matteo-2.local-643ef18e" start="1653745394959" dump="1653745395267"/><sessioninfo id="MacBook-Pro-di-Matteo-2.local-f7d81c12" start="1653745817768" dump="1653745818103"/><sessioninfo id="MacBook-Pro-di-Matteo-2.local-e300521f" start="1653746384106" dump="1653746384412"/><sessioninfo id="MacBook-Pro-di-Matteo-2.local-4d6c4a11" start="1653746434341" dump="1653746434772"/><sessioninfo id="MacBook-Pro-di-Matteo-2.local-30c4cc3e" start="1653746471243" dump="1653746471521"/><sessioninfo id="MacBook-Pro-di-Matteo-2.local-1fa902fb" start="1653746602304" dump="1653746602666"/><sessioninfo id="MacBook-Pro-di-Matteo-2.local-a3b6036d" start="1653746855511" dump="1653746855899"/><sessioninfo id="MacBook-Pro-di-Matteo-2.local-7ed3beba" start="1654002018854" dump="1654002019416"/><package name="it/polimi/ingsw/model/enumeration"><class name="it/polimi/ingsw/model/enumeration/GamePhase" sourcefilename="GamePhase.java"><method name="&lt;clinit&gt;" desc="()V" line="6"><counter type="INSTRUCTION" missed="0" covered="39"/><counter type="LINE" missed="0" covered="2"/><counter type="COMPLEXITY" missed="0" covered="1"/><counter type="METHOD" missed="0" covered="1"/></method><counter type="INSTRUCTION" missed="0" covered="39"/><counter type="LINE" missed="0" covered="2"/><counter type="COMPLEXITY" missed="0" covered="1"/><counter type="METHOD" missed="0" covered="1"/><counter type="CLASS" missed="0" covered="1"/></class><class name="it/polimi/ingsw/model/enumeration/TowerColour" sourcefilename="TowerColour.java"><method name="&lt;clinit&gt;" desc="()V" line="6"><counter type="INSTRUCTION" missed="0" covered="21"/><counter type="LINE" missed="0" covered="2"/><counter type="COMPLEXITY" missed="0" covered="1"/><counter type="METHOD" missed="0" covered="1"/></method><counter type="INSTRUCTION" missed="0" covered="21"/><counter type="LINE" missed="0" covered="2"/><counter type="COMPLEXITY" missed="0" covered="1"/><counter type="METHOD" missed="0" covered="1"/><counter type="CLASS" missed="0" covered="1"/></class><class name="it/polimi/ingsw/model/enumeration/Colour" sourcefilename="Colour.java"><method name="&lt;clinit&gt;" desc="()V" line="7"><counter type="INSTRUCTION" missed="0" covered="33"/><counter type="LINE" missed="0" covered="2"/><counter type="COMPLEXITY" missed="0" covered="1"/><counter type="METHOD" missed="0" covered="1"/></method><counter type="INSTRUCTION" missed="0" covered="33"/><counter type="LINE" missed="0" covered="2"/><counter type="COMPLEXITY" missed="0" covered="1"/><counter type="METHOD" missed="0" covered="1"/><counter type="CLASS" missed="0" covered="1"/></class><sourcefile name="Colour.java"><line nr="7" mi="0" ci="3" mb="0" cb="0"/><line nr="8" mi="0" ci="30" mb="0" cb="0"/><counter type="INSTRUCTION" missed="0" covered="33"/><counter type="LINE" missed="0" covered="2"/><counter type="COMPLEXITY" missed="0" covered="1"/><counter type="METHOD" missed="0" covered="1"/><counter type="CLASS" missed="0" covered="1"/></sourcefile><sourcefile name="GamePhase.java"><line nr="6" mi="0" ci="3" mb="0" cb="0"/><line nr="7" mi="0" ci="36" mb="0" cb="0"/><counter type="INSTRUCTION" missed="0" covered="39"/><counter type="LINE" missed="0" covered="2"/><counter type="COMPLEXITY" missed="0" covered="1"/><counter type="METHOD" missed="0" covered="1"/><counter type="CLASS" missed="0" covered="1"/></sourcefile><sourcefile name="TowerColour.java"><line nr="6" mi="0" ci="3" mb="0" cb="0"/><line nr="7" mi="0" ci="18" mb="0" cb="0"/><counter type="INSTRUCTION" missed="0" covered="21"/><counter type="LINE" missed="0" covered="2"/><counter type="COMPLEXITY" missed="0" covered="1"/><counter type="METHOD" missed="0" covered="1"/><counter type="CLASS" missed="0" covered="1"/></sourcefile><counter type="INSTRUCTION" missed="0" covered="93"/><counter type="LINE" missed="0" covered="6"/><counter type="COMPLEXITY" missed="0" covered="3"/><counter type="METHOD" missed="0" covered="3"/><counter type="CLASS" missed="0" covered="3"/></package><package name="it/polimi/ingsw/controller"><class name="it/polimi/ingsw/controller/Controller" sourcefilename="Controller.java"><method name="&lt;init&gt;" desc="()V" line="20"><counter type="INSTRUCTION" missed="0" covered="3"/><counter type="LINE" missed="0" covered="1"/><counter type="COMPLEXITY" missed="0" covered="1"/><counter type="METHOD" missed="0" covered="1"/></method><method name="performMove" desc="(Lit/polimi/ingsw/model/player/PlayerMove;)V" line="25"><counter type="INSTRUCTION" missed="340" covered="0"/><counter type="BRANCH" missed="45" covered="0"/><counter type="LINE" missed="55" covered="0"/><counter type="COMPLEXITY" missed="26" covered="0"/><counter type="METHOD" missed="1" covered="0"/></method><method name="update" desc="(Lit/polimi/ingsw/model/player/PlayerMove;)V" line="113"><counter type="INSTRUCTION" missed="4" covered="0"/><counter type="LINE" missed="2" covered="0"/><counter type="COMPLEXITY" missed="1" covered="0"/><counter type="METHOD" missed="1" covered="0"/></method><method name="getPlayers" desc="()Ljava/util/ArrayList;" line="119"><counter type="INSTRUCTION" missed="0" covered="4"/><counter type="LINE" missed="0" covered="1"/><counter type="COMPLEXITY" missed="0" covered="1"/><counter type="METHOD" missed="0" covered="1"/></method><method name="getGameBoard" desc="()Lit/polimi/ingsw/model/gameboard/GameBoard;" line="124"><counter type="INSTRUCTION" missed="0" covered="4"/><counter type="LINE" missed="0" covered="1"/><counter type="COMPLEXITY" missed="0" covered="1"/><counter type="METHOD" missed="0" covered="1"/></method><method name="setParameters" desc="(ILjava/lang/Boolean;)V" line="128"><counter type="INSTRUCTION" missed="0" covered="10"/><counter type="LINE" missed="0" covered="3"/><counter type="COMPLEXITY" missed="0" covered="1"/><counter type="METHOD" missed="0" covered="1"/></method><method name="addPlayer" desc="(Lit/polimi/ingsw/model/player/Player;)I" line="135"><counter type="INSTRUCTION" missed="0" covered="21"/><counter type="BRANCH" missed="0" covered="2"/><counter type="LINE" missed="0" covered="4"/><counter type="COMPLEXITY" missed="0" covered="2"/><counter type="METHOD" missed="0" covered="1"/></method><method name="init" desc="()V" line="146"><counter type="INSTRUCTION" missed="0" covered="195"/><counter type="BRANCH" missed="1" covered="21"/><counter type="LINE" missed="0" covered="30"/><counter type="COMPLEXITY" missed="1" covered="11"/><counter type="METHOD" missed="0" covered="1"/></method><method name="addStudentsOnClouds" desc="()V" line="197"><counter type="INSTRUCTION" missed="0" covered="44"/><counter type="BRANCH" missed="1" covered="5"/><counter type="LINE" missed="0" covered="9"/><counter type="COMPLEXITY" missed="1" covered="3"/><counter type="METHOD" missed="0" covered="1"/></method><method name="playAssistantCard" desc="(II)I" line="208"><counter type="INSTRUCTION" missed="0" covered="190"/><counter type="BRANCH" missed="4" covered="28"/><counter type="LINE" missed="0" covered="33"/><counter type="COMPLEXITY" missed="4" covered="13"/><counter type="METHOD" missed="0" covered="1"/></method><method name="orderPlayerActionPhase" desc="()V" line="259"><counter type="INSTRUCTION" missed="0" covered="73"/><counter type="BRANCH" missed="1" covered="7"/><counter type="LINE" missed="0" covered="10"/><counter type="COMPLEXITY" missed="1" covered="4"/><counter type="METHOD" missed="0" covered="1"/></method><method name="moveStudentToIsland" desc="(III)I" line="276"><counter type="INSTRUCTION" missed="2" covered="95"/><counter type="BRANCH" missed="8" covered="12"/><counter type="LINE" missed="1" covered="11"/><counter type="COMPLEXITY" missed="8" covered="3"/><counter type="METHOD" missed="0" covered="1"/></method><method name="moveStudentToDiningRoom" desc="(II)I" line="295"><counter type="INSTRUCTION" missed="24" covered="93"/><counter type="BRANCH" missed="11" covered="13"/><counter type="LINE" missed="6" covered="12"/><counter type="COMPLEXITY" missed="10" covered="3"/><counter type="METHOD" missed="0" covered="1"/></method><method name="checkProfessorProperty" desc="(I)V" line="323"><counter type="INSTRUCTION" missed="0" covered="134"/><counter type="BRANCH" missed="0" covered="20"/><counter type="LINE" missed="0" covered="23"/><counter type="COMPLEXITY" missed="0" covered="11"/><counter type="METHOD" missed="0" covered="1"/></method><method name="moveMotherNature" desc="(II)I" line="355"><counter type="INSTRUCTION" missed="8" covered="94"/><counter type="BRANCH" missed="8" covered="12"/><counter type="LINE" missed="2" covered="15"/><counter type="COMPLEXITY" missed="7" covered="4"/><counter type="METHOD" missed="0" covered="1"/></method><method name="checkIslandInfluence" desc="(II)V" line="381"><counter type="INSTRUCTION" missed="68" covered="139"/><counter type="BRANCH" missed="18" covered="20"/><counter type="LINE" missed="14" covered="25"/><counter type="COMPLEXITY" missed="14" covered="6"/><counter type="METHOD" missed="0" covered="1"/></method><method name="checkIslandFusion" desc="(I)V" line="439"><counter type="INSTRUCTION" missed="170" covered="123"/><counter type="BRANCH" missed="28" covered="14"/><counter type="LINE" missed="22" covered="20"/><counter type="COMPLEXITY" missed="18" covered="4"/><counter type="METHOD" missed="0" covered="1"/></method><method name="chooseCloud" desc="(II)I" line="501"><counter type="INSTRUCTION" missed="21" covered="148"/><counter type="BRANCH" missed="8" covered="22"/><counter type="LINE" missed="7" covered="21"/><counter type="COMPLEXITY" missed="7" covered="9"/><counter type="METHOD" missed="0" covered="1"/></method><method name="orderPlayersAssistantCard" desc="()V" line="545"><counter type="INSTRUCTION" missed="0" covered="63"/><counter type="BRANCH" missed="1" covered="5"/><counter type="LINE" missed="0" covered="13"/><counter type="COMPLEXITY" missed="1" covered="3"/><counter type="METHOD" missed="0" covered="1"/></method><method name="endGame" desc="()V" line="564"><counter type="INSTRUCTION" missed="92" covered="0"/><counter type="BRANCH" missed="12" covered="0"/><counter type="LINE" missed="18" covered="0"/><counter type="COMPLEXITY" missed="7" covered="0"/><counter type="METHOD" missed="1" covered="0"/></method><method name="getTheWinner" desc="()Ljava/lang/String;" line="590"><counter type="INSTRUCTION" missed="5" covered="0"/><counter type="LINE" missed="1" covered="0"/><counter type="COMPLEXITY" missed="1" covered="0"/><counter type="METHOD" missed="1" covered="0"/></method><method name="getCurrentPhase" desc="()I" line="594"><counter type="INSTRUCTION" missed="0" covered="5"/><counter type="LINE" missed="0" covered="1"/><counter type="COMPLEXITY" missed="0" covered="1"/><counter type="METHOD" missed="0" covered="1"/></method><method name="getCurrentPlayer" desc="()I" line="598"><counter type="INSTRUCTION" missed="0" covered="4"/><counter type="LINE" missed="0" covered="1"/><counter type="COMPLEXITY" missed="0" covered="1"/><counter type="METHOD" missed="0" covered="1"/></method><method name="getModel" desc="()Lit/polimi/ingsw/model/Model;" line="602"><counter type="INSTRUCTION" missed="3" covered="0"/><counter type="LINE" missed="1" covered="0"/><counter type="COMPLEXITY" missed="1" covered="0"/><counter type="METHOD" missed="1" covered="0"/></method><method name="playCharacterCard1" desc="(IIII)I" line="608"><counter type="INSTRUCTION" missed="81" covered="0"/><counter type="BRANCH" missed="10" covered="0"/><counter type="LINE" missed="12" covered="0"/><counter type="COMPLEXITY" missed="6" covered="0"/><counter type="METHOD" missed="1" covered="0"/></method><method name="playCharacterCard2" desc="(II)I" line="626"><counter type="INSTRUCTION" missed="79" covered="0"/><counter type="BRANCH" missed="12" covered="0"/><counter type="LINE" missed="13" covered="0"/><counter type="COMPLEXITY" missed="7" covered="0"/><counter type="METHOD" missed="1" covered="0"/></method><method name="checkProfessorPropertyCard2" desc="(I)V" line="645"><counter type="INSTRUCTION" missed="151" covered="0"/><counter type="BRANCH" missed="24" covered="0"/><counter type="LINE" missed="25" covered="0"/><counter type="COMPLEXITY" missed="13" covered="0"/><counter type="METHOD" missed="1" covered="0"/></method><method name="playCharacterCard3" desc="(III)I" line="681"><counter type="INSTRUCTION" missed="69" covered="0"/><counter type="BRANCH" missed="8" covered="0"/><counter type="LINE" missed="13" covered="0"/><counter type="COMPLEXITY" missed="5" covered="0"/><counter type="METHOD" missed="1" covered="0"/></method><method name="playCharacterCard4" desc="(II)I" line="700"><counter type="INSTRUCTION" missed="69" covered="0"/><counter type="BRANCH" missed="10" covered="0"/><counter type="LINE" missed="11" covered="0"/><counter type="COMPLEXITY" missed="6" covered="0"/><counter type="METHOD" missed="1" covered="0"/></method><method name="playCharacterCard5" desc="(III)I" line="717"><counter type="INSTRUCTION" missed="67" covered="0"/><counter type="BRANCH" missed="8" covered="0"/><counter type="LINE" missed="11" covered="0"/><counter type="COMPLEXITY" missed="5" covered="0"/><counter type="METHOD" missed="1" covered="0"/></method><method name="playCharacterCard6" desc="(II)I" line="734"><counter type="INSTRUCTION" missed="69" covered="0"/><counter type="BRANCH" missed="10" covered="0"/><counter type="LINE" missed="11" covered="0"/><counter type="COMPLEXITY" missed="6" covered="0"/><counter type="METHOD" missed="1" covered="0"/></method><method name="playCharacterCard8" desc="(II)I" line="751"><counter type="INSTRUCTION" missed="69" covered="0"/><counter type="BRANCH" missed="10" covered="0"/><counter type="LINE" missed="11" covered="0"/><counter type="COMPLEXITY" missed="6" covered="0"/><counter type="METHOD" missed="1" covered="0"/></method><method name="playCharacterCard9" desc="(III)I" line="768"><counter type="INSTRUCTION" missed="70" covered="0"/><counter type="BRANCH" missed="10" covered="0"/><counter type="LINE" missed="11" covered="0"/><counter type="COMPLEXITY" missed="6" covered="0"/><counter type="METHOD" missed="1" covered="0"/></method><method name="playCharacterCard10" desc="(IIII)I" line="786"><counter type="INSTRUCTION" missed="180" covered="0"/><counter type="BRANCH" missed="20" covered="0"/><counter type="LINE" missed="25" covered="0"/><counter type="COMPLEXITY" missed="11" covered="0"/><counter type="METHOD" missed="1" covered="0"/></method><method name="playCharacterCard10" desc="(IIIIII)I" line="823"><counter type="INSTRUCTION" missed="297" covered="0"/><counter type="BRANCH" missed="34" covered="0"/><counter type="LINE" missed="43" covered="0"/><counter type="COMPLEXITY" missed="18" covered="0"/><counter type="METHOD" missed="1" covered="0"/></method><method name="playCharacterCard11" desc="(III)I" line="884"><counter type="INSTRUCTION" missed="105" covered="0"/><counter type="BRANCH" missed="16" covered="0"/><counter type="LINE" missed="16" covered="0"/><counter type="COMPLEXITY" missed="9" covered="0"/><counter type="METHOD" missed="1" covered="0"/></method><method name="playCharacterCard12" desc="(III)I" line="911"><counter type="INSTRUCTION" missed="87" covered="0"/><counter type="BRANCH" missed="10" covered="0"/><counter type="LINE" missed="13" covered="0"/><counter type="COMPLEXITY" missed="6" covered="0"/><counter type="METHOD" missed="1" covered="0"/></method><method name="playCharacterCard7" desc="(IIII)I" line="933"><counter type="INSTRUCTION" missed="130" covered="0"/><counter type="BRANCH" missed="18" covered="0"/><counter type="LINE" missed="20" covered="0"/><counter type="COMPLEXITY" missed="10" covered="0"/><counter type="METHOD" missed="1" covered="0"/></method><method name="playCharacterCard7" desc="(IIIIII)I" line="961"><counter type="INSTRUCTION" missed="182" covered="0"/><counter type="BRANCH" missed="26" covered="0"/><counter type="LINE" missed="26" covered="0"/><counter type="COMPLEXITY" missed="14" covered="0"/><counter type="METHOD" missed="1" covered="0"/></method><method name="playCharacterCard7" desc="(IIIIIIII)I" line="998"><counter type="INSTRUCTION" missed="234" covered="0"/><counter type="BRANCH" missed="34" covered="0"/><counter type="LINE" missed="32" covered="0"/><counter type="COMPLEXITY" missed="18" covered="0"/><counter type="METHOD" missed="1" covered="0"/></method><counter type="INSTRUCTION" missed="2676" covered="1442"/><counter type="BRANCH" missed="406" covered="181"/><counter type="LINE" missed="422" covered="234"/><counter type="COMPLEXITY" missed="254" covered="82"/><counter type="METHOD" missed="21" covered="19"/><counter type="CLASS" missed="0" covered="1"/></class><sourcefile name="Controller.java"><line nr="20" mi="0" ci="3" mb="0" cb="0"/><line nr="25" mi="6" ci="0" mb="2" cb="0"/><line nr="26" mi="4" ci="0" mb="0" cb="0"/><line nr="27" mi="1" ci="0" mb="0" cb="0"/><line nr="31" mi="2" ci="0" mb="0" cb="0"/><line nr="32" mi="3" ci="0" mb="7" cb="0"/><line nr="34" mi="8" ci="0" mb="0" cb="0"/><line nr="35" mi="1" ci="0" mb="0" cb="0"/><line nr="39" mi="4" ci="0" mb="2" cb="0"/><line nr="40" mi="9" ci="0" mb="0" cb="0"/><line nr="42" mi="10" ci="0" mb="0" cb="0"/><line nr="44" mi="1" ci="0" mb="0" cb="0"/><line nr="48" mi="8" ci="0" mb="0" cb="0"/><line nr="49" mi="1" ci="0" mb="0" cb="0"/><line nr="53" mi="8" ci="0" mb="0" cb="0"/><line nr="54" mi="1" ci="0" mb="0" cb="0"/><line nr="58" mi="3" ci="0" mb="0" cb="0"/><line nr="59" mi="4" ci="0" mb="0" cb="0"/><line nr="60" mi="1" ci="0" mb="0" cb="0"/><line nr="64" mi="2" ci="0" mb="2" cb="0"/><line nr="65" mi="4" ci="0" mb="0" cb="0"/><line nr="66" mi="1" ci="0" mb="0" cb="0"/><line nr="69" mi="4" ci="0" mb="2" cb="0"/><line nr="70" mi="13" ci="0" mb="0" cb="0"/><line nr="71" mi="4" ci="0" mb="2" cb="0"/><line nr="72" mi="9" ci="0" mb="0" cb="0"/><line nr="73" mi="4" ci="0" mb="2" cb="0"/><line nr="74" mi="11" ci="0" mb="0" cb="0"/><line nr="75" mi="4" ci="0" mb="2" cb="0"/><line nr="76" mi="9" ci="0" mb="0" cb="0"/><line nr="77" mi="4" ci="0" mb="2" cb="0"/><line nr="78" mi="11" ci="0" mb="0" cb="0"/><line nr="79" mi="4" ci="0" mb="2" cb="0"/><line nr="80" mi="9" ci="0" mb="0" cb="0"/><line nr="81" mi="4" ci="0" mb="2" cb="0"/><line nr="82" mi="4" ci="0" mb="2" cb="0"/><line nr="83" mi="13" ci="0" mb="0" cb="0"/><line nr="84" mi="4" ci="0" mb="2" cb="0"/><line nr="85" mi="17" ci="0" mb="0" cb="0"/><line nr="87" mi="21" ci="0" mb="0" cb="0"/><line nr="88" mi="4" ci="0" mb="2" cb="0"/><line nr="89" mi="9" ci="0" mb="0" cb="0"/><line nr="90" mi="4" ci="0" mb="2" cb="0"/><line nr="91" mi="11" ci="0" mb="0" cb="0"/><line nr="92" mi="4" ci="0" mb="2" cb="0"/><line nr="93" mi="4" ci="0" mb="2" cb="0"/><line nr="94" mi="13" ci="0" mb="0" cb="0"/><line nr="96" mi="17" ci="0" mb="0" cb="0"/><line nr="97" mi="4" ci="0" mb="2" cb="0"/><line nr="98" mi="11" ci="0" mb="0" cb="0"/><line nr="99" mi="4" ci="0" mb="2" cb="0"/><line nr="100" mi="10" ci="0" mb="0" cb="0"/><line nr="105" mi="3" ci="0" mb="2" cb="0"/><line nr="106" mi="6" ci="0" mb="0" cb="0"/><line nr="108" mi="4" ci="0" mb="0" cb="0"/><line nr="109" mi="1" ci="0" mb="0" cb="0"/><line nr="113" mi="3" ci="0" mb="0" cb="0"/><line nr="114" mi="1" ci="0" mb="0" cb="0"/><line nr="119" mi="0" ci="4" mb="0" cb="0"/><line nr="124" mi="0" ci="4" mb="0" cb="0"/><line nr="128" mi="0" ci="4" mb="0" cb="0"/><line nr="129" mi="0" ci="5" mb="0" cb="0"/><line nr="130" mi="0" ci="1" mb="0" cb="0"/><line nr="135" mi="0" ci="6" mb="0" cb="2"/><line nr="136" mi="0" ci="6" mb="0" cb="0"/><line nr="137" mi="0" ci="7" mb="0" cb="0"/><line nr="141" mi="0" ci="2" mb="0" cb="0"/><line nr="146" mi="0" ci="4" mb="0" cb="0"/><line nr="147" mi="0" ci="3" mb="0" cb="0"/><line nr="148" mi="0" ci="5" mb="0" cb="0"/><line nr="150" mi="0" ci="5" mb="0" cb="0"/><line nr="152" mi="0" ci="4" mb="0" cb="0"/><line nr="153" mi="0" ci="16" mb="0" cb="2"/><line nr="154" mi="0" ci="7" mb="0" cb="2"/><line nr="155" mi="0" ci="5" mb="0" cb="0"/><line nr="156" mi="0" ci="4" mb="0" cb="0"/><line nr="159" mi="0" ci="6" mb="0" cb="0"/><line nr="161" mi="0" ci="7" mb="0" cb="2"/><line nr="162" mi="0" ci="16" mb="0" cb="4"/><line nr="163" mi="0" ci="10" mb="0" cb="0"/><line nr="167" mi="0" ci="16" mb="0" cb="2"/><line nr="168" mi="0" ci="7" mb="0" cb="2"/><line nr="169" mi="0" ci="5" mb="0" cb="0"/><line nr="170" mi="0" ci="4" mb="0" cb="0"/><line nr="173" mi="0" ci="6" mb="0" cb="0"/><line nr="175" mi="0" ci="12" mb="0" cb="2"/><line nr="176" mi="0" ci="7" mb="0" cb="2"/><line nr="177" mi="0" ci="10" mb="0" cb="0"/><line nr="178" mi="0" ci="1" mb="0" cb="0"/><line nr="180" mi="0" ci="2" mb="1" cb="1"/><line nr="181" mi="0" ci="4" mb="0" cb="0"/><line nr="184" mi="0" ci="4" mb="0" cb="0"/><line nr="185" mi="0" ci="7" mb="0" cb="2"/><line nr="186" mi="0" ci="11" mb="0" cb="0"/><line nr="189" mi="0" ci="2" mb="0" cb="0"/><line nr="191" mi="0" ci="4" mb="0" cb="0"/><line nr="192" mi="0" ci="1" mb="0" cb="0"/><line nr="197" mi="0" ci="2" mb="0" cb="0"/><line nr="198" mi="0" ci="13" mb="0" cb="2"/><line nr="199" mi="0" ci="7" mb="0" cb="2"/><line nr="200" mi="0" ci="6" mb="1" cb="1"/><line nr="201" mi="0" ci="10" mb="0" cb="0"/><line nr="202" mi="0" ci="1" mb="0" cb="0"/><line nr="203" mi="0" ci="3" mb="0" cb="0"/><line nr="204" mi="0" ci="1" mb="0" cb="0"/><line nr="205" mi="0" ci="1" mb="0" cb="0"/><line nr="208" mi="0" ci="16" mb="3" cb="5"/><line nr="209" mi="0" ci="2" mb="0" cb="0"/><line nr="210" mi="0" ci="9" mb="0" cb="2"/><line nr="211" mi="0" ci="9" mb="0" cb="2"/><line nr="212" mi="0" ci="2" mb="0" cb="0"/><line nr="213" mi="0" ci="1" mb="0" cb="0"/><line nr="216" mi="0" ci="2" mb="0" cb="2"/><line nr="217" mi="0" ci="2" mb="0" cb="0"/><line nr="218" mi="0" ci="16" mb="0" cb="2"/><line nr="219" mi="0" ci="9" mb="0" cb="2"/><line nr="220" mi="0" ci="10" mb="0" cb="2"/><line nr="221" mi="0" ci="1" mb="0" cb="0"/><line nr="224" mi="0" ci="1" mb="0" cb="0"/><line nr="226" mi="0" ci="10" mb="1" cb="1"/><line nr="227" mi="0" ci="2" mb="0" cb="0"/><line nr="230" mi="0" ci="2" mb="0" cb="0"/><line nr="231" mi="0" ci="10" mb="0" cb="0"/><line nr="232" mi="0" ci="10" mb="0" cb="2"/><line nr="233" mi="0" ci="5" mb="0" cb="2"/><line nr="234" mi="0" ci="8" mb="0" cb="0"/><line nr="236" mi="0" ci="2" mb="0" cb="0"/><line nr="237" mi="0" ci="1" mb="0" cb="0"/><line nr="240" mi="0" ci="4" mb="0" cb="2"/><line nr="241" mi="0" ci="7" mb="0" cb="2"/><line nr="242" mi="0" ci="13" mb="0" cb="0"/><line nr="245" mi="0" ci="8" mb="0" cb="0"/><line nr="246" mi="0" ci="5" mb="0" cb="2"/><line nr="247" mi="0" ci="4" mb="0" cb="0"/><line nr="248" mi="0" ci="4" mb="0" cb="0"/><line nr="249" mi="0" ci="2" mb="0" cb="0"/><line nr="250" mi="0" ci="9" mb="0" cb="0"/><line nr="253" mi="0" ci="2" mb="0" cb="0"/><line nr="255" mi="0" ci="2" mb="0" cb="0"/><line nr="259" mi="0" ci="10" mb="1" cb="1"/><line nr="260" mi="0" ci="2" mb="0" cb="0"/><line nr="261" mi="0" ci="12" mb="0" cb="2"/><line nr="262" mi="0" ci="17" mb="0" cb="2"/><line nr="263" mi="0" ci="6" mb="0" cb="0"/><line nr="264" mi="0" ci="12" mb="0" cb="0"/><line nr="265" mi="0" ci="8" mb="0" cb="0"/><line nr="266" mi="0" ci="2" mb="0" cb="0"/><line nr="269" mi="0" ci="3" mb="0" cb="2"/><line nr="271" mi="0" ci="1" mb="0" cb="0"/><line nr="276" mi="0" ci="2" mb="0" cb="0"/><line nr="277" mi="0" ci="17" mb="0" cb="2"/><line nr="278" mi="0" ci="7" mb="0" cb="2"/><line nr="279" mi="0" ci="2" mb="0" cb="0"/><line nr="281" mi="0" ci="28" mb="7" cb="7"/><line nr="282" mi="0" ci="16" mb="0" cb="0"/><line nr="284" mi="0" ci="8" mb="0" cb="0"/><line nr="285" mi="0" ci="5" mb="1" cb="1"/><line nr="286" mi="0" ci="4" mb="0" cb="0"/><line nr="287" mi="0" ci="4" mb="0" cb="0"/><line nr="289" mi="0" ci="2" mb="0" cb="0"/><line nr="291" mi="2" ci="0" mb="0" cb="0"/><line nr="295" mi="0" ci="31" mb="5" cb="5"/><line nr="297" mi="0" ci="2" mb="0" cb="0"/><line nr="298" mi="0" ci="17" mb="0" cb="2"/><line nr="299" mi="0" ci="7" mb="0" cb="2"/><line nr="300" mi="0" ci="2" mb="0" cb="0"/><line nr="302" mi="0" ci="2" mb="1" cb="1"/><line nr="304" mi="0" ci="10" mb="0" cb="0"/><line nr="305" mi="0" ci="4" mb="2" cb="2"/><line nr="306" mi="5" ci="0" mb="2" cb="0"/><line nr="307" mi="7" ci="0" mb="0" cb="0"/><line nr="310" mi="0" ci="3" mb="0" cb="0"/><line nr="312" mi="0" ci="8" mb="0" cb="0"/><line nr="313" mi="0" ci="5" mb="1" cb="1"/><line nr="314" mi="4" ci="0" mb="0" cb="0"/><line nr="315" mi="4" ci="0" mb="0" cb="0"/><line nr="318" mi="0" ci="2" mb="0" cb="0"/><line nr="319" mi="2" ci="0" mb="0" cb="0"/><line nr="320" mi="2" ci="0" mb="0" cb="0"/><line nr="323" mi="0" ci="2" mb="0" cb="0"/><line nr="324" mi="0" ci="12" mb="0" cb="2"/><line nr="325" mi="0" ci="13" mb="0" cb="2"/><line nr="326" mi="0" ci="8" mb="0" cb="2"/><line nr="327" mi="0" ci="2" mb="0" cb="0"/><line nr="328" mi="0" ci="1" mb="0" cb="0"/><line nr="331" mi="0" ci="4" mb="0" cb="0"/><line nr="332" mi="0" ci="2" mb="0" cb="0"/><line nr="333" mi="0" ci="12" mb="0" cb="2"/><line nr="334" mi="0" ci="9" mb="0" cb="2"/><line nr="335" mi="0" ci="8" mb="0" cb="0"/><line nr="336" mi="0" ci="2" mb="0" cb="0"/><line nr="337" mi="0" ci="5" mb="0" cb="0"/><line nr="338" mi="0" ci="11" mb="0" cb="4"/><line nr="339" mi="0" ci="4" mb="0" cb="0"/><line nr="341" mi="0" ci="1" mb="0" cb="0"/><line nr="343" mi="0" ci="4" mb="0" cb="2"/><line nr="344" mi="0" ci="2" mb="0" cb="2"/><line nr="345" mi="0" ci="10" mb="0" cb="0"/><line nr="346" mi="0" ci="6" mb="0" cb="2"/><line nr="347" mi="0" ci="6" mb="0" cb="0"/><line nr="348" mi="0" ci="9" mb="0" cb="0"/><line nr="351" mi="0" ci="1" mb="0" cb="0"/><line nr="355" mi="0" ci="11" mb="1" cb="3"/><line nr="356" mi="0" ci="11" mb="0" cb="0"/><line nr="357" mi="0" ci="7" mb="2" cb="2"/><line nr="358" mi="0" ci="13" mb="0" cb="2"/><line nr="359" mi="4" ci="5" mb="3" cb="1"/><line nr="360" mi="1" ci="0" mb="0" cb="0"/><line nr="361" mi="3" ci="0" mb="0" cb="0"/><line nr="364" mi="0" ci="5" mb="1" cb="3"/><line nr="365" mi="0" ci="13" mb="0" cb="0"/><line nr="366" mi="0" ci="5" mb="0" cb="0"/><line nr="367" mi="0" ci="3" mb="0" cb="0"/><line nr="368" mi="0" ci="4" mb="0" cb="0"/><line nr="369" mi="0" ci="3" mb="0" cb="0"/><line nr="371" mi="0" ci="6" mb="1" cb="1"/><line nr="372" mi="0" ci="4" mb="0" cb="0"/><line nr="374" mi="0" ci="2" mb="0" cb="0"/><line nr="376" mi="0" ci="2" mb="0" cb="0"/><line nr="381" mi="0" ci="2" mb="0" cb="0"/><line nr="382" mi="0" ci="2" mb="0" cb="0"/><line nr="383" mi="0" ci="2" mb="0" cb="0"/><line nr="384" mi="0" ci="2" mb="1" cb="1"/><line nr="385" mi="0" ci="13" mb="0" cb="2"/><line nr="386" mi="9" ci="5" mb="3" cb="1"/><line nr="387" mi="8" ci="0" mb="0" cb="0"/><line nr="388" mi="3" ci="0" mb="0" cb="0"/><line nr="389" mi="1" ci="0" mb="0" cb="0"/><line nr="390" mi="4" ci="4" mb="3" cb="1"/><line nr="391" mi="3" ci="0" mb="0" cb="0"/><line nr="392" mi="3" ci="0" mb="0" cb="0"/><line nr="393" mi="4" ci="4" mb="3" cb="1"/><line nr="394" mi="3" ci="0" mb="0" cb="0"/><line nr="395" mi="3" ci="0" mb="0" cb="0"/><line nr="396" mi="0" ci="8" mb="1" cb="3"/><line nr="397" mi="3" ci="0" mb="0" cb="0"/><line nr="398" mi="4" ci="0" mb="0" cb="0"/><line nr="403" mi="0" ci="15" mb="0" cb="0"/><line nr="405" mi="0" ci="2" mb="0" cb="2"/><line nr="406" mi="0" ci="2" mb="0" cb="0"/><line nr="407" mi="0" ci="12" mb="0" cb="2"/><line nr="408" mi="0" ci="12" mb="1" cb="1"/><line nr="409" mi="2" ci="0" mb="0" cb="0"/><line nr="410" mi="0" ci="1" mb="0" cb="0"/><line nr="412" mi="4" ci="2" mb="3" cb="1"/><line nr="414" mi="0" ci="14" mb="0" cb="2"/><line nr="415" mi="0" ci="2" mb="1" cb="1"/><line nr="416" mi="5" ci="0" mb="0" cb="0"/><line nr="417" mi="0" ci="6" mb="0" cb="0"/><line nr="419" mi="0" ci="2" mb="1" cb="1"/><line nr="420" mi="0" ci="8" mb="0" cb="0"/><line nr="423" mi="0" ci="9" mb="0" cb="0"/><line nr="425" mi="0" ci="6" mb="1" cb="1"/><line nr="426" mi="4" ci="0" mb="0" cb="0"/><line nr="427" mi="4" ci="0" mb="0" cb="0"/><line nr="428" mi="1" ci="0" mb="0" cb="0"/><line nr="431" mi="0" ci="3" mb="0" cb="0"/><line nr="435" mi="0" ci="1" mb="0" cb="0"/><line nr="439" mi="0" ci="26" mb="1" cb="1"/><line nr="440" mi="2" ci="0" mb="2" cb="0"/><line nr="441" mi="13" ci="0" mb="2" cb="0"/><line nr="442" mi="23" ci="0" mb="6" cb="0"/><line nr="443" mi="7" ci="0" mb="0" cb="0"/><line nr="444" mi="3" ci="0" mb="2" cb="0"/><line nr="445" mi="8" ci="0" mb="0" cb="0"/><line nr="446" mi="5" ci="0" mb="0" cb="0"/><line nr="449" mi="15" ci="0" mb="0" cb="0"/><line nr="452" mi="0" ci="2" mb="0" cb="0"/><line nr="453" mi="0" ci="4" mb="0" cb="0"/><line nr="454" mi="0" ci="3" mb="0" cb="2"/><line nr="455" mi="0" ci="8" mb="0" cb="0"/><line nr="457" mi="0" ci="18" mb="0" cb="2"/><line nr="458" mi="0" ci="6" mb="0" cb="0"/><line nr="460" mi="0" ci="2" mb="1" cb="1"/><line nr="461" mi="7" ci="0" mb="2" cb="0"/><line nr="462" mi="8" ci="0" mb="0" cb="0"/><line nr="464" mi="6" ci="0" mb="0" cb="0"/><line nr="466" mi="0" ci="2" mb="0" cb="0"/><line nr="467" mi="0" ci="13" mb="0" cb="2"/><line nr="468" mi="4" ci="5" mb="3" cb="1"/><line nr="469" mi="2" ci="0" mb="0" cb="0"/><line nr="471" mi="0" ci="2" mb="1" cb="1"/><line nr="472" mi="0" ci="7" mb="1" cb="1"/><line nr="473" mi="8" ci="0" mb="0" cb="0"/><line nr="475" mi="0" ci="6" mb="0" cb="0"/><line nr="477" mi="16" ci="0" mb="2" cb="0"/><line nr="478" mi="7" ci="0" mb="0" cb="0"/><line nr="479" mi="3" ci="0" mb="2" cb="0"/><line nr="480" mi="8" ci="0" mb="0" cb="0"/><line nr="481" mi="5" ci="0" mb="0" cb="0"/><line nr="485" mi="0" ci="1" mb="0" cb="0"/><line nr="486" mi="0" ci="3" mb="1" cb="1"/><line nr="487" mi="8" ci="0" mb="0" cb="0"/><line nr="488" mi="0" ci="4" mb="0" cb="0"/><line nr="489" mi="0" ci="3" mb="1" cb="1"/><line nr="490" mi="9" ci="0" mb="0" cb="0"/><line nr="493" mi="0" ci="7" mb="1" cb="1"/><line nr="494" mi="2" ci="0" mb="0" cb="0"/><line nr="495" mi="1" ci="0" mb="0" cb="0"/><line nr="497" mi="0" ci="1" mb="0" cb="0"/><line nr="501" mi="0" ci="25" mb="2" cb="8"/><line nr="502" mi="0" ci="9" mb="0" cb="0"/><line nr="504" mi="0" ci="10" mb="0" cb="2"/><line nr="505" mi="0" ci="11" mb="0" cb="0"/><line nr="506" mi="0" ci="1" mb="0" cb="0"/><line nr="508" mi="0" ci="2" mb="1" cb="1"/><line nr="509" mi="0" ci="13" mb="0" cb="2"/><line nr="510" mi="0" ci="9" mb="1" cb="3"/><line nr="511" mi="3" ci="0" mb="0" cb="0"/><line nr="512" mi="7" ci="0" mb="2" cb="0"/><line nr="513" mi="3" ci="0" mb="0" cb="0"/><line nr="517" mi="0" ci="8" mb="0" cb="0"/><line nr="518" mi="0" ci="5" mb="0" cb="2"/><line nr="519" mi="0" ci="4" mb="0" cb="0"/><line nr="520" mi="0" ci="2" mb="0" cb="0"/><line nr="521" mi="0" ci="2" mb="0" cb="0"/><line nr="522" mi="0" ci="4" mb="0" cb="0"/><line nr="525" mi="0" ci="6" mb="1" cb="1"/><line nr="526" mi="2" ci="0" mb="0" cb="0"/><line nr="527" mi="2" ci="0" mb="0" cb="0"/><line nr="529" mi="0" ci="12" mb="0" cb="2"/><line nr="530" mi="0" ci="6" mb="1" cb="1"/><line nr="531" mi="2" ci="0" mb="0" cb="0"/><line nr="532" mi="2" ci="0" mb="0" cb="0"/><line nr="536" mi="0" ci="4" mb="0" cb="0"/><line nr="537" mi="0" ci="11" mb="0" cb="0"/><line nr="539" mi="0" ci="2" mb="0" cb="0"/><line nr="541" mi="0" ci="2" mb="0" cb="0"/><line nr="545" mi="0" ci="2" mb="0" cb="0"/><line nr="547" mi="0" ci="2" mb="0" cb="0"/><line nr="548" mi="0" ci="12" mb="0" cb="2"/><line nr="549" mi="0" ci="4" mb="0" cb="0"/><line nr="550" mi="0" ci="3" mb="1" cb="1"/><line nr="551" mi="0" ci="2" mb="0" cb="0"/><line nr="552" mi="0" ci="3" mb="0" cb="0"/><line nr="554" mi="0" ci="7" mb="0" cb="0"/><line nr="555" mi="0" ci="1" mb="0" cb="0"/><line nr="557" mi="0" ci="4" mb="0" cb="0"/><line nr="558" mi="0" ci="7" mb="0" cb="2"/><line nr="559" mi="0" ci="15" mb="0" cb="0"/><line nr="560" mi="0" ci="1" mb="0" cb="0"/><line nr="564" mi="4" ci="0" mb="0" cb="0"/><line nr="565" mi="2" ci="0" mb="0" cb="0"/><line nr="566" mi="12" ci="0" mb="2" cb="0"/><line nr="567" mi="7" ci="0" mb="2" cb="0"/><line nr="568" mi="5" ci="0" mb="0" cb="0"/><line nr="569" mi="2" ci="0" mb="0" cb="0"/><line nr="570" mi="5" ci="0" mb="0" cb="0"/><line nr="571" mi="6" ci="0" mb="2" cb="0"/><line nr="572" mi="4" ci="0" mb="0" cb="0"/><line nr="575" mi="4" ci="0" mb="2" cb="0"/><line nr="576" mi="8" ci="0" mb="0" cb="0"/><line nr="578" mi="2" ci="0" mb="0" cb="0"/><line nr="579" mi="10" ci="0" mb="2" cb="0"/><line nr="580" mi="7" ci="0" mb="2" cb="0"/><line nr="581" mi="5" ci="0" mb="0" cb="0"/><line nr="582" mi="4" ci="0" mb="0" cb="0"/><line nr="586" mi="4" ci="0" mb="0" cb="0"/><line nr="587" mi="1" ci="0" mb="0" cb="0"/><line nr="590" mi="5" ci="0" mb="0" cb="0"/><line nr="594" mi="0" ci="5" mb="0" cb="0"/><line nr="598" mi="0" ci="4" mb="0" cb="0"/><line nr="602" mi="3" ci="0" mb="0" cb="0"/><line nr="608" mi="5" ci="0" mb="2" cb="0"/><line nr="609" mi="13" ci="0" mb="2" cb="0"/><line nr="610" mi="19" ci="0" mb="6" cb="0"/><line nr="611" mi="3" ci="0" mb="0" cb="0"/><line nr="612" mi="9" ci="0" mb="0" cb="0"/><line nr="613" mi="8" ci="0" mb="0" cb="0"/><line nr="614" mi="2" ci="0" mb="0" cb="0"/><line nr="616" mi="9" ci="0" mb="0" cb="0"/><line nr="617" mi="8" ci="0" mb="0" cb="0"/><line nr="618" mi="2" ci="0" mb="0" cb="0"/><line nr="620" mi="1" ci="0" mb="0" cb="0"/><line nr="622" mi="2" ci="0" mb="0" cb="0"/><line nr="626" mi="12" ci="0" mb="4" cb="0"/><line nr="627" mi="13" ci="0" mb="2" cb="0"/><line nr="628" mi="14" ci="0" mb="4" cb="0"/><line nr="629" mi="3" ci="0" mb="0" cb="0"/><line nr="630" mi="9" ci="0" mb="0" cb="0"/><line nr="631" mi="8" ci="0" mb="0" cb="0"/><line nr="632" mi="2" ci="0" mb="0" cb="0"/><line nr="634" mi="3" ci="0" mb="0" cb="0"/><line nr="635" mi="7" ci="0" mb="2" cb="0"/><line nr="636" mi="3" ci="0" mb="0" cb="0"/><line nr="637" mi="2" ci="0" mb="0" cb="0"/><line nr="639" mi="1" ci="0" mb="0" cb="0"/><line nr="641" mi="2" ci="0" mb="0" cb="0"/><line nr="645" mi="2" ci="0" mb="0" cb="0"/><line nr="646" mi="12" ci="0" mb="2" cb="0"/><line nr="647" mi="13" ci="0" mb="2" cb="0"/><line nr="648" mi="8" ci="0" mb="2" cb="0"/><line nr="649" mi="2" ci="0" mb="0" cb="0"/><line nr="650" mi="1" ci="0" mb="0" cb="0"/><line nr="653" mi="4" ci="0" mb="0" cb="0"/><line nr="654" mi="2" ci="0" mb="0" cb="0"/><line nr="655" mi="12" ci="0" mb="2" cb="0"/><line nr="656" mi="9" ci="0" mb="2" cb="0"/><line nr="657" mi="8" ci="0" mb="0" cb="0"/><line nr="658" mi="2" ci="0" mb="0" cb="0"/><line nr="659" mi="5" ci="0" mb="0" cb="0"/><line nr="660" mi="11" ci="0" mb="4" cb="0"/><line nr="661" mi="4" ci="0" mb="0" cb="0"/><line nr="663" mi="1" ci="0" mb="0" cb="0"/><line nr="665" mi="4" ci="0" mb="2" cb="0"/><line nr="666" mi="2" ci="0" mb="2" cb="0"/><line nr="667" mi="10" ci="0" mb="0" cb="0"/><line nr="668" mi="7" ci="0" mb="2" cb="0"/><line nr="672" mi="10" ci="0" mb="2" cb="0"/><line nr="673" mi="6" ci="0" mb="2" cb="0"/><line nr="674" mi="6" ci="0" mb="0" cb="0"/><line nr="675" mi="9" ci="0" mb="0" cb="0"/><line nr="678" mi="1" ci="0" mb="0" cb="0"/><line nr="681" mi="5" ci="0" mb="2" cb="0"/><line nr="682" mi="13" ci="0" mb="2" cb="0"/><line nr="683" mi="14" ci="0" mb="4" cb="0"/><line nr="684" mi="3" ci="0" mb="0" cb="0"/><line nr="685" mi="9" ci="0" mb="0" cb="0"/><line nr="686" mi="8" ci="0" mb="0" cb="0"/><line nr="687" mi="2" ci="0" mb="0" cb="0"/><line nr="689" mi="3" ci="0" mb="0" cb="0"/><line nr="690" mi="4" ci="0" mb="0" cb="0"/><line nr="691" mi="3" ci="0" mb="0" cb="0"/><line nr="692" mi="2" ci="0" mb="0" cb="0"/><line nr="694" mi="1" ci="0" mb="0" cb="0"/><line nr="696" mi="2" ci="0" mb="0" cb="0"/><line nr="700" mi="12" ci="0" mb="4" cb="0"/><line nr="701" mi="13" ci="0" mb="2" cb="0"/><line nr="702" mi="14" ci="0" mb="4" cb="0"/><line nr="703" mi="3" ci="0" mb="0" cb="0"/><line nr="704" mi="9" ci="0" mb="0" cb="0"/><line nr="705" mi="8" ci="0" mb="0" cb="0"/><line nr="706" mi="2" ci="0" mb="0" cb="0"/><line nr="708" mi="3" ci="0" mb="0" cb="0"/><line nr="709" mi="2" ci="0" mb="0" cb="0"/><line nr="711" mi="1" ci="0" mb="0" cb="0"/><line nr="713" mi="2" ci="0" mb="0" cb="0"/><line nr="717" mi="5" ci="0" mb="2" cb="0"/><line nr="718" mi="13" ci="0" mb="2" cb="0"/><line nr="719" mi="14" ci="0" mb="4" cb="0"/><line nr="720" mi="3" ci="0" mb="0" cb="0"/><line nr="721" mi="9" ci="0" mb="0" cb="0"/><line nr="722" mi="8" ci="0" mb="0" cb="0"/><line nr="723" mi="2" ci="0" mb="0" cb="0"/><line nr="725" mi="8" ci="0" mb="0" cb="0"/><line nr="726" mi="2" ci="0" mb="0" cb="0"/><line nr="728" mi="1" ci="0" mb="0" cb="0"/><line nr="730" mi="2" ci="0" mb="0" cb="0"/><line nr="734" mi="12" ci="0" mb="4" cb="0"/><line nr="735" mi="13" ci="0" mb="2" cb="0"/><line nr="736" mi="14" ci="0" mb="4" cb="0"/><line nr="737" mi="3" ci="0" mb="0" cb="0"/><line nr="738" mi="9" ci="0" mb="0" cb="0"/><line nr="739" mi="8" ci="0" mb="0" cb="0"/><line nr="740" mi="2" ci="0" mb="0" cb="0"/><line nr="742" mi="3" ci="0" mb="0" cb="0"/><line nr="743" mi="2" ci="0" mb="0" cb="0"/><line nr="745" mi="1" ci="0" mb="0" cb="0"/><line nr="747" mi="2" ci="0" mb="0" cb="0"/><line nr="751" mi="12" ci="0" mb="4" cb="0"/><line nr="752" mi="13" ci="0" mb="2" cb="0"/><line nr="753" mi="14" ci="0" mb="4" cb="0"/><line nr="754" mi="3" ci="0" mb="0" cb="0"/><line nr="755" mi="9" ci="0" mb="0" cb="0"/><line nr="756" mi="8" ci="0" mb="0" cb="0"/><line nr="757" mi="2" ci="0" mb="0" cb="0"/><line nr="759" mi="3" ci="0" mb="0" cb="0"/><line nr="760" mi="2" ci="0" mb="0" cb="0"/><line nr="762" mi="1" ci="0" mb="0" cb="0"/><line nr="764" mi="2" ci="0" mb="0" cb="0"/><line nr="768" mi="12" ci="0" mb="4" cb="0"/><line nr="769" mi="13" ci="0" mb="2" cb="0"/><line nr="770" mi="14" ci="0" mb="4" cb="0"/><line nr="771" mi="3" ci="0" mb="0" cb="0"/><line nr="772" mi="9" ci="0" mb="0" cb="0"/><line nr="773" mi="8" ci="0" mb="0" cb="0"/><line nr="774" mi="2" ci="0" mb="0" cb="0"/><line nr="776" mi="4" ci="0" mb="0" cb="0"/><line nr="777" mi="2" ci="0" mb="0" cb="0"/><line nr="779" mi="1" ci="0" mb="0" cb="0"/><line nr="781" mi="2" ci="0" mb="0" cb="0"/><line nr="786" mi="18" ci="0" mb="4" cb="0"/><line nr="787" mi="2" ci="0" mb="0" cb="0"/><line nr="788" mi="17" ci="0" mb="2" cb="0"/><line nr="789" mi="7" ci="0" mb="2" cb="0"/><line nr="790" mi="2" ci="0" mb="0" cb="0"/><line nr="791" mi="1" ci="0" mb="0" cb="0"/><line nr="794" mi="2" ci="0" mb="2" cb="0"/><line nr="795" mi="13" ci="0" mb="2" cb="0"/><line nr="796" mi="14" ci="0" mb="4" cb="0"/><line nr="797" mi="3" ci="0" mb="0" cb="0"/><line nr="798" mi="9" ci="0" mb="0" cb="0"/><line nr="799" mi="8" ci="0" mb="0" cb="0"/><line nr="800" mi="2" ci="0" mb="0" cb="0"/><line nr="802" mi="10" ci="0" mb="0" cb="0"/><line nr="803" mi="10" ci="0" mb="0" cb="0"/><line nr="804" mi="16" ci="0" mb="0" cb="0"/><line nr="806" mi="17" ci="0" mb="2" cb="0"/><line nr="807" mi="6" ci="0" mb="2" cb="0"/><line nr="808" mi="11" ci="0" mb="0" cb="0"/><line nr="809" mi="1" ci="0" mb="0" cb="0"/><line nr="812" mi="3" ci="0" mb="0" cb="0"/><line nr="813" mi="3" ci="0" mb="0" cb="0"/><line nr="814" mi="2" ci="0" mb="0" cb="0"/><line nr="816" mi="1" ci="0" mb="0" cb="0"/><line nr="819" mi="2" ci="0" mb="0" cb="0"/><line nr="823" mi="2" ci="0" mb="0" cb="0"/><line nr="824" mi="3" ci="0" mb="2" cb="0"/><line nr="825" mi="2" ci="0" mb="0" cb="0"/><line nr="827" mi="33" ci="0" mb="6" cb="0"/><line nr="828" mi="2" ci="0" mb="0" cb="0"/><line nr="829" mi="2" ci="0" mb="0" cb="0"/><line nr="830" mi="17" ci="0" mb="2" cb="0"/><line nr="831" mi="6" ci="0" mb="2" cb="0"/><line nr="832" mi="1" ci="0" mb="0" cb="0"/><line nr="833" mi="6" ci="0" mb="2" cb="0"/><line nr="834" mi="1" ci="0" mb="0" cb="0"/><line nr="835" mi="1" ci="0" mb="0" cb="0"/><line nr="837" mi="2" ci="0" mb="0" cb="0"/><line nr="838" mi="3" ci="0" mb="2" cb="0"/><line nr="839" mi="2" ci="0" mb="0" cb="0"/><line nr="840" mi="6" ci="0" mb="4" cb="0"/><line nr="841" mi="13" ci="0" mb="2" cb="0"/><line nr="842" mi="14" ci="0" mb="4" cb="0"/><line nr="843" mi="3" ci="0" mb="0" cb="0"/><line nr="844" mi="9" ci="0" mb="0" cb="0"/><line nr="845" mi="8" ci="0" mb="0" cb="0"/><line nr="846" mi="2" ci="0" mb="0" cb="0"/><line nr="848" mi="10" ci="0" mb="0" cb="0"/><line nr="849" mi="10" ci="0" mb="0" cb="0"/><line nr="850" mi="16" ci="0" mb="0" cb="0"/><line nr="852" mi="17" ci="0" mb="2" cb="0"/><line nr="853" mi="6" ci="0" mb="2" cb="0"/><line nr="854" mi="11" ci="0" mb="0" cb="0"/><line nr="855" mi="1" ci="0" mb="0" cb="0"/><line nr="858" mi="3" ci="0" mb="0" cb="0"/><line nr="859" mi="3" ci="0" mb="0" cb="0"/><line nr="861" mi="10" ci="0" mb="0" cb="0"/><line nr="862" mi="10" ci="0" mb="0" cb="0"/><line nr="863" mi="16" ci="0" mb="0" cb="0"/><line nr="865" mi="17" ci="0" mb="2" cb="0"/><line nr="866" mi="6" ci="0" mb="2" cb="0"/><line nr="867" mi="11" ci="0" mb="0" cb="0"/><line nr="868" mi="1" ci="0" mb="0" cb="0"/><line nr="871" mi="3" ci="0" mb="0" cb="0"/><line nr="872" mi="3" ci="0" mb="0" cb="0"/><line nr="873" mi="2" ci="0" mb="0" cb="0"/><line nr="875" mi="1" ci="0" mb="0" cb="0"/><line nr="878" mi="2" ci="0" mb="0" cb="0"/><line nr="884" mi="5" ci="0" mb="2" cb="0"/><line nr="885" mi="13" ci="0" mb="2" cb="0"/><line nr="886" mi="19" ci="0" mb="6" cb="0"/><line nr="887" mi="3" ci="0" mb="0" cb="0"/><line nr="888" mi="9" ci="0" mb="0" cb="0"/><line nr="889" mi="8" ci="0" mb="0" cb="0"/><line nr="890" mi="2" ci="0" mb="0" cb="0"/><line nr="893" mi="14" ci="0" mb="0" cb="0"/><line nr="894" mi="4" ci="0" mb="4" cb="0"/><line nr="895" mi="5" ci="0" mb="2" cb="0"/><line nr="896" mi="7" ci="0" mb="0" cb="0"/><line nr="900" mi="3" ci="0" mb="0" cb="0"/><line nr="902" mi="8" ci="0" mb="0" cb="0"/><line nr="903" mi="2" ci="0" mb="0" cb="0"/><line nr="905" mi="1" ci="0" mb="0" cb="0"/><line nr="907" mi="2" ci="0" mb="0" cb="0"/><line nr="911" mi="5" ci="0" mb="2" cb="0"/><line nr="912" mi="13" ci="0" mb="2" cb="0"/><line nr="913" mi="14" ci="0" mb="4" cb="0"/><line nr="914" mi="3" ci="0" mb="0" cb="0"/><line nr="915" mi="9" ci="0" mb="0" cb="0"/><line nr="916" mi="8" ci="0" mb="0" cb="0"/><line nr="917" mi="2" ci="0" mb="0" cb="0"/><line nr="919" mi="12" ci="0" mb="2" cb="0"/><line nr="920" mi="13" ci="0" mb="0" cb="0"/><line nr="923" mi="3" ci="0" mb="0" cb="0"/><line nr="925" mi="2" ci="0" mb="0" cb="0"/><line nr="927" mi="1" ci="0" mb="0" cb="0"/><line nr="929" mi="2" ci="0" mb="0" cb="0"/><line nr="933" mi="5" ci="0" mb="2" cb="0"/><line nr="934" mi="13" ci="0" mb="2" cb="0"/><line nr="935" mi="19" ci="0" mb="6" cb="0"/><line nr="937" mi="2" ci="0" mb="0" cb="0"/><line nr="938" mi="17" ci="0" mb="2" cb="0"/><line nr="939" mi="8" ci="0" mb="4" cb="0"/><line nr="940" mi="2" ci="0" mb="0" cb="0"/><line nr="941" mi="1" ci="0" mb="0" cb="0"/><line nr="942" mi="2" ci="0" mb="2" cb="0"/><line nr="943" mi="2" ci="0" mb="0" cb="0"/><line nr="945" mi="3" ci="0" mb="0" cb="0"/><line nr="946" mi="9" ci="0" mb="0" cb="0"/><line nr="947" mi="8" ci="0" mb="0" cb="0"/><line nr="948" mi="2" ci="0" mb="0" cb="0"/><line nr="950" mi="9" ci="0" mb="0" cb="0"/><line nr="951" mi="14" ci="0" mb="0" cb="0"/><line nr="952" mi="9" ci="0" mb="0" cb="0"/><line nr="953" mi="2" ci="0" mb="0" cb="0"/><line nr="955" mi="1" ci="0" mb="0" cb="0"/><line nr="957" mi="2" ci="0" mb="0" cb="0"/><line nr="961" mi="5" ci="0" mb="2" cb="0"/><line nr="962" mi="13" ci="0" mb="2" cb="0"/><line nr="963" mi="24" ci="0" mb="8" cb="0"/><line nr="965" mi="2" ci="0" mb="0" cb="0"/><line nr="966" mi="2" ci="0" mb="0" cb="0"/><line nr="967" mi="17" ci="0" mb="2" cb="0"/><line nr="968" mi="8" ci="0" mb="4" cb="0"/><line nr="969" mi="3" ci="0" mb="0" cb="0"/><line nr="970" mi="8" ci="0" mb="4" cb="0"/><line nr="971" mi="2" ci="0" mb="0" cb="0"/><line nr="972" mi="1" ci="0" mb="0" cb="0"/><line nr="973" mi="4" ci="0" mb="4" cb="0"/><line nr="974" mi="2" ci="0" mb="0" cb="0"/><line nr="976" mi="3" ci="0" mb="0" cb="0"/><line nr="977" mi="9" ci="0" mb="0" cb="0"/><line nr="978" mi="8" ci="0" mb="0" cb="0"/><line nr="979" mi="2" ci="0" mb="0" cb="0"/><line nr="981" mi="9" ci="0" mb="0" cb="0"/><line nr="982" mi="9" ci="0" mb="0" cb="0"/><line nr="984" mi="14" ci="0" mb="0" cb="0"/><line nr="985" mi="14" ci="0" mb="0" cb="0"/><line nr="987" mi="9" ci="0" mb="0" cb="0"/><line nr="988" mi="9" ci="0" mb="0" cb="0"/><line nr="989" mi="2" ci="0" mb="0" cb="0"/><line nr="991" mi="1" ci="0" mb="0" cb="0"/><line nr="993" mi="2" ci="0" mb="0" cb="0"/><line nr="998" mi="5" ci="0" mb="2" cb="0"/><line nr="999" mi="13" ci="0" mb="2" cb="0"/><line nr="1000" mi="29" ci="0" mb="10" cb="0"/><line nr="1002" mi="2" ci="0" mb="0" cb="0"/><line nr="1003" mi="2" ci="0" mb="0" cb="0"/><line nr="1004" mi="2" ci="0" mb="0" cb="0"/><line nr="1005" mi="17" ci="0" mb="2" cb="0"/><line nr="1006" mi="8" ci="0" mb="4" cb="0"/><line nr="1007" mi="3" ci="0" mb="0" cb="0"/><line nr="1008" mi="8" ci="0" mb="4" cb="0"/><line nr="1009" mi="3" ci="0" mb="0" cb="0"/><line nr="1010" mi="8" ci="0" mb="4" cb="0"/><line nr="1011" mi="2" ci="0" mb="0" cb="0"/><line nr="1012" mi="1" ci="0" mb="0" cb="0"/><line nr="1013" mi="6" ci="0" mb="6" cb="0"/><line nr="1014" mi="2" ci="0" mb="0" cb="0"/><line nr="1016" mi="3" ci="0" mb="0" cb="0"/><line nr="1017" mi="9" ci="0" mb="0" cb="0"/><line nr="1018" mi="8" ci="0" mb="0" cb="0"/><line nr="1019" mi="2" ci="0" mb="0" cb="0"/><line nr="1021" mi="9" ci="0" mb="0" cb="0"/><line nr="1022" mi="9" ci="0" mb="0" cb="0"/><line nr="1023" mi="9" ci="0" mb="0" cb="0"/><line nr="1025" mi="14" ci="0" mb="0" cb="0"/><line nr="1026" mi="14" ci="0" mb="0" cb="0"/><line nr="1027" mi="14" ci="0" mb="0" cb="0"/><line nr="1029" mi="9" ci="0" mb="0" cb="0"/><line nr="1030" mi="9" ci="0" mb="0" cb="0"/><line nr="1031" mi="9" ci="0" mb="0" cb="0"/><line nr="1032" mi="2" ci="0" mb="0" cb="0"/><line nr="1034" mi="1" ci="0" mb="0" cb="0"/><line nr="1036" mi="2" ci="0" mb="0" cb="0"/><counter type="INSTRUCTION" missed="2676" covered="1442"/><counter type="BRANCH" missed="406" covered="181"/><counter type="LINE" missed="422" covered="234"/><counter type="COMPLEXITY" missed="254" covered="82"/><counter type="METHOD" missed="21" covered="19"/><counter type="CLASS" missed="0" covered="1"/></sourcefile><counter type="INSTRUCTION" missed="2676" covered="1442"/><counter type="BRANCH" missed="406" covered="181"/><counter type="LINE" missed="422" covered="234"/><counter type="COMPLEXITY" missed="254" covered="82"/><counter type="METHOD" missed="21" covered="19"/><counter type="CLASS" missed="0" covered="1"/></package><package name="it/polimi/ingsw/view"><class name="it/polimi/ingsw/view/RemoteView" sourcefilename="RemoteView.java"><method name="&lt;init&gt;" desc="(Lit/polimi/ingsw/model/player/Player;Ljava/lang/String;Lit/polimi/ingsw/server/ClientConnection;)V" line="15"><counter type="INSTRUCTION" missed="20" covered="0"/><counter type="LINE" missed="6" covered="0"/><counter type="COMPLEXITY" missed="1" covered="0"/><counter type="METHOD" missed="1" covered="0"/></method><method name="showMessage" desc="(Ljava/lang/Object;)V" line="99"><counter type="INSTRUCTION" missed="5" covered="0"/><counter type="LINE" missed="2" covered="0"/><counter type="COMPLEXITY" missed="1" covered="0"/><counter type="METHOD" missed="1" covered="0"/></method><method name="update" desc="(Lit/polimi/ingsw/model/player/MoveMessage;)V" line="104"><counter type="INSTRUCTION" missed="59" covered="0"/><counter type="BRANCH" missed="8" covered="0"/><counter type="LINE" missed="12" covered="0"/><counter type="COMPLEXITY" missed="5" covered="0"/><counter type="METHOD" missed="1" covered="0"/></method><counter type="INSTRUCTION" missed="84" covered="0"/><counter type="BRANCH" missed="8" covered="0"/><counter type="LINE" missed="20" covered="0"/><counter type="COMPLEXITY" missed="7" covered="0"/><counter type="METHOD" missed="3" covered="0"/><counter type="CLASS" missed="1" covered="0"/></class><class name="it/polimi/ingsw/view/View" sourcefilename="View.java"><method name="&lt;init&gt;" desc="(Lit/polimi/ingsw/model/player/Player;)V" line="13"><counter type="INSTRUCTION" missed="6" covered="0"/><counter type="LINE" missed="3" covered="0"/><counter type="COMPLEXITY" missed="1" covered="0"/><counter type="METHOD" missed="1" covered="0"/></method><method name="getPlayer" desc="()Lit/polimi/ingsw/model/player/Player;" line="18"><counter type="INSTRUCTION" missed="3" covered="0"/><counter type="LINE" missed="1" covered="0"/><counter type="COMPLEXITY" missed="1" covered="0"/><counter type="METHOD" missed="1" covered="0"/></method><method name="handleMove" desc="(II)V" line="24"><counter type="INSTRUCTION" missed="16" covered="0"/><counter type="LINE" missed="3" covered="0"/><counter type="COMPLEXITY" missed="1" covered="0"/><counter type="METHOD" missed="1" covered="0"/></method><method name="handleMove" desc="(III)V" line="29"><counter type="INSTRUCTION" missed="18" covered="0"/><counter type="LINE" missed="3" covered="0"/><counter type="COMPLEXITY" missed="1" covered="0"/><counter type="METHOD" missed="1" covered="0"/></method><method name="handleMove" desc="(IIII)V" line="34"><counter type="INSTRUCTION" missed="20" covered="0"/><counter type="LINE" missed="3" covered="0"/><counter type="COMPLEXITY" missed="1" covered="0"/><counter type="METHOD" missed="1" covered="0"/></method><method name="handleMove" desc="(IIIIII)V" line="39"><counter type="INSTRUCTION" missed="24" covered="0"/><counter type="LINE" missed="3" covered="0"/><counter type="COMPLEXITY" missed="1" covered="0"/><counter type="METHOD" missed="1" covered="0"/></method><method name="handleMove" desc="(IIIIIIII)V" line="44"><counter type="INSTRUCTION" missed="28" covered="0"/><counter type="LINE" missed="3" covered="0"/><counter type="COMPLEXITY" missed="1" covered="0"/><counter type="METHOD" missed="1" covered="0"/></method><method name="reportError" desc="(Ljava/lang/String;)V" line="49"><counter type="INSTRUCTION" missed="4" covered="0"/><counter type="LINE" missed="2" covered="0"/><counter type="COMPLEXITY" missed="1" covered="0"/><counter type="METHOD" missed="1" covered="0"/></method><counter type="INSTRUCTION" missed="119" covered="0"/><counter type="LINE" missed="21" covered="0"/><counter type="COMPLEXITY" missed="8" covered="0"/><counter type="METHOD" missed="8" covered="0"/><counter type="CLASS" missed="1" covered="0"/></class><class name="it/polimi/ingsw/view/LocalView" sourcefilename="LocalView.java"><method name="&lt;init&gt;" desc="()V" line="23"><counter type="INSTRUCTION" missed="9" covered="0"/><counter type="LINE" missed="3" covered="0"/><counter type="COMPLEXITY" missed="1" covered="0"/><counter type="METHOD" missed="1" covered="0"/></method><method name="setController" desc="(Lit/polimi/ingsw/controller/Controller;)V" line="28"><counter type="INSTRUCTION" missed="4" covered="0"/><counter type="LINE" missed="2" covered="0"/><counter type="COMPLEXITY" missed="1" covered="0"/><counter type="METHOD" missed="1" covered="0"/></method><method name="start" desc="()V" line="33"><counter type="INSTRUCTION" missed="920" covered="0"/><counter type="BRANCH" missed="126" covered="0"/><counter type="LINE" missed="171" covered="0"/><counter type="COMPLEXITY" missed="66" covered="0"/><counter type="METHOD" missed="1" covered="0"/></method><method name="textColor" desc="(Lit/polimi/ingsw/model/enumeration/Colour;)Ljava/lang/String;" line="274"><counter type="INSTRUCTION" missed="17" covered="0"/><counter type="BRANCH" missed="6" covered="0"/><counter type="LINE" missed="8" covered="0"/><counter type="COMPLEXITY" missed="6" covered="0"/><counter type="METHOD" missed="1" covered="0"/></method><method name="textTower" desc="(ILit/polimi/ingsw/model/enumeration/TowerColour;)Ljava/lang/String;" line="286"><counter type="INSTRUCTION" missed="34" covered="0"/><counter type="BRANCH" missed="8" covered="0"/><counter type="LINE" missed="9" covered="0"/><counter type="COMPLEXITY" missed="5" covered="0"/><counter type="METHOD" missed="1" covered="0"/></method><counter type="INSTRUCTION" missed="984" covered="0"/><counter type="BRANCH" missed="140" covered="0"/><counter type="LINE" missed="193" covered="0"/><counter type="COMPLEXITY" missed="79" covered="0"/><counter type="METHOD" missed="5" covered="0"/><counter type="CLASS" missed="1" covered="0"/></class><class name="it/polimi/ingsw/view/RemoteView$MessageReceiver" sourcefilename="RemoteView.java"><method name="&lt;init&gt;" desc="(Lit/polimi/ingsw/view/RemoteView;)V" line="17"><counter type="INSTRUCTION" missed="6" covered="0"/><counter type="LINE" missed="1" covered="0"/><counter type="COMPLEXITY" missed="1" covered="0"/><counter type="METHOD" missed="1" covered="0"/></method><method name="update" desc="(Ljava/lang/String;)V" line="21"><counter type="INSTRUCTION" missed="274" covered="0"/><counter type="BRANCH" missed="30" covered="0"/><counter type="LINE" missed="45" covered="0"/><counter type="COMPLEXITY" missed="17" covered="0"/><counter type="METHOD" missed="1" covered="0"/></method><counter type="INSTRUCTION" missed="280" covered="0"/><counter type="BRANCH" missed="30" covered="0"/><counter type="LINE" missed="46" covered="0"/><counter type="COMPLEXITY" missed="18" covered="0"/><counter type="METHOD" missed="2" covered="0"/><counter type="CLASS" missed="1" covered="0"/></class><sourcefile name="RemoteView.java"><line nr="15" mi="3" ci="0" mb="0" cb="0"/><line nr="17" mi="6" ci="0" mb="0" cb="0"/><line nr="21" mi="4" ci="0" mb="0" cb="0"/><line nr="22" mi="6" ci="0" mb="0" cb="0"/><line nr="25" mi="4" ci="0" mb="2" cb="0"/><line nr="26" mi="4" ci="0" mb="0" cb="0"/><line nr="27" mi="6" ci="0" mb="2" cb="0"/><line nr="28" mi="6" ci="0" mb="0" cb="0"/><line nr="29" mi="10" ci="0" mb="2" cb="0"/><line nr="30" mi="8" ci="0" mb="0" cb="0"/><line nr="31" mi="2" ci="0" mb="0" cb="0"/><line nr="32" mi="4" ci="0" mb="0" cb="0"/><line nr="33" mi="1" ci="0" mb="0" cb="0"/><line nr="35" mi="3" ci="0" mb="0" cb="0"/><line nr="36" mi="4" ci="0" mb="0" cb="0"/><line nr="39" mi="4" ci="0" mb="0" cb="0"/><line nr="40" mi="8" ci="0" mb="2" cb="0"/><line nr="41" mi="7" ci="0" mb="0" cb="0"/><line nr="42" mi="4" ci="0" mb="2" cb="0"/><line nr="43" mi="5" ci="0" mb="0" cb="0"/><line nr="44" mi="1" ci="0" mb="0" cb="0"/><line nr="48" mi="4" ci="0" mb="4" cb="0"/><line nr="53" mi="4" ci="0" mb="2" cb="0"/><line nr="54" mi="10" ci="0" mb="0" cb="0"/><line nr="55" mi="5" ci="0" mb="0" cb="0"/><line nr="56" mi="1" ci="0" mb="0" cb="0"/><line nr="59" mi="4" ci="0" mb="2" cb="0"/><line nr="60" mi="10" ci="0" mb="0" cb="0"/><line nr="61" mi="4" ci="0" mb="2" cb="0"/><line nr="62" mi="13" ci="0" mb="0" cb="0"/><line nr="63" mi="5" ci="0" mb="0" cb="0"/><line nr="64" mi="1" ci="0" mb="0" cb="0"/><line nr="67" mi="4" ci="0" mb="2" cb="0"/><line nr="68" mi="10" ci="0" mb="0" cb="0"/><line nr="69" mi="4" ci="0" mb="2" cb="0"/><line nr="70" mi="13" ci="0" mb="0" cb="0"/><line nr="71" mi="4" ci="0" mb="2" cb="0"/><line nr="72" mi="16" ci="0" mb="0" cb="0"/><line nr="73" mi="4" ci="0" mb="2" cb="0"/><line nr="74" mi="22" ci="0" mb="0" cb="0"/><line nr="75" mi="4" ci="0" mb="2" cb="0"/><line nr="76" mi="28" ci="0" mb="0" cb="0"/><line nr="77" mi="5" ci="0" mb="0" cb="0"/><line nr="81" mi="1" ci="0" mb="0" cb="0"/><line nr="82" mi="5" ci="0" mb="0" cb="0"/><line nr="83" mi="1" ci="0" mb="0" cb="0"/><line nr="84" mi="1" ci="0" mb="0" cb="0"/><line nr="90" mi="3" ci="0" mb="0" cb="0"/><line nr="91" mi="3" ci="0" mb="0" cb="0"/><line nr="92" mi="6" ci="0" mb="0" cb="0"/><line nr="93" mi="4" ci="0" mb="0" cb="0"/><line nr="95" mi="1" ci="0" mb="0" cb="0"/><line nr="99" mi="4" ci="0" mb="0" cb="0"/><line nr="100" mi="1" ci="0" mb="0" cb="0"/><line nr="104" mi="4" ci="0" mb="0" cb="0"/><line nr="105" mi="6" ci="0" mb="0" cb="0"/><line nr="106" mi="2" ci="0" mb="0" cb="0"/><line nr="108" mi="7" ci="0" mb="2" cb="0"/><line nr="109" mi="3" ci="0" mb="0" cb="0"/><line nr="112" mi="2" ci="0" mb="0" cb="0"/><line nr="115" mi="14" ci="0" mb="4" cb="0"/><line nr="116" mi="3" ci="0" mb="0" cb="0"/><line nr="118" mi="6" ci="0" mb="2" cb="0"/><line nr="119" mi="8" ci="0" mb="0" cb="0"/><line nr="122" mi="3" ci="0" mb="0" cb="0"/><line nr="124" mi="1" ci="0" mb="0" cb="0"/><counter type="INSTRUCTION" missed="364" covered="0"/><counter type="BRANCH" missed="38" covered="0"/><counter type="LINE" missed="66" covered="0"/><counter type="COMPLEXITY" missed="25" covered="0"/><counter type="METHOD" missed="5" covered="0"/><counter type="CLASS" missed="2" covered="0"/></sourcefile><sourcefile name="View.java"><line nr="13" mi="2" ci="0" mb="0" cb="0"/><line nr="14" mi="3" ci="0" mb="0" cb="0"/><line nr="15" mi="1" ci="0" mb="0" cb="0"/><line nr="18" mi="3" ci="0" mb="0" cb="0"/><line nr="24" mi="5" ci="0" mb="0" cb="0"/><line nr="25" mi="10" ci="0" mb="0" cb="0"/><line nr="26" mi="1" ci="0" mb="0" cb="0"/><line nr="29" mi="6" ci="0" mb="0" cb="0"/><line nr="30" mi="11" ci="0" mb="0" cb="0"/><line nr="31" mi="1" ci="0" mb="0" cb="0"/><line nr="34" mi="7" ci="0" mb="0" cb="0"/><line nr="35" mi="12" ci="0" mb="0" cb="0"/><line nr="36" mi="1" ci="0" mb="0" cb="0"/><line nr="39" mi="9" ci="0" mb="0" cb="0"/><line nr="40" mi="14" ci="0" mb="0" cb="0"/><line nr="41" mi="1" ci="0" mb="0" cb="0"/><line nr="44" mi="11" ci="0" mb="0" cb="0"/><line nr="45" mi="16" ci="0" mb="0" cb="0"/><line nr="46" mi="1" ci="0" mb="0" cb="0"/><line nr="49" mi="3" ci="0" mb="0" cb="0"/><line nr="50" mi="1" ci="0" mb="0" cb="0"/><counter type="INSTRUCTION" missed="119" covered="0"/><counter type="LINE" missed="21" covered="0"/><counter type="COMPLEXITY" missed="8" covered="0"/><counter type="METHOD" missed="8" covered="0"/><counter type="CLASS" missed="1" covered="0"/></sourcefile><sourcefile name="LocalView.java"><line nr="23" mi="2" ci="0" mb="0" cb="0"/><line nr="24" mi="6" ci="0" mb="0" cb="0"/><line nr="25" mi="1" ci="0" mb="0" cb="0"/><line nr="28" mi="3" ci="0" mb="0" cb="0"/><line nr="29" mi="1" ci="0" mb="0" cb="0"/><line nr="33" mi="3" ci="0" mb="0" cb="0"/><line nr="34" mi="3" ci="0" mb="0" cb="0"/><line nr="35" mi="3" ci="0" mb="0" cb="0"/><line nr="36" mi="3" ci="0" mb="0" cb="0"/><line nr="37" mi="3" ci="0" mb="0" cb="0"/><line nr="38" mi="3" ci="0" mb="0" cb="0"/><line nr="41" mi="3" ci="0" mb="0" cb="0"/><line nr="42" mi="4" ci="0" mb="0" cb="0"/><line nr="43" mi="3" ci="0" mb="0" cb="0"/><line nr="45" mi="11" ci="0" mb="2" cb="0"/><line nr="46" mi="13" ci="0" mb="4" cb="0"/><line nr="47" mi="8" ci="0" mb="0" cb="0"/><line nr="48" mi="7" ci="0" mb="2" cb="0"/><line nr="49" mi="8" ci="0" mb="0" cb="0"/><line nr="50" mi="3" ci="0" mb="2" cb="0"/><line nr="51" mi="10" ci="0" mb="0" cb="0"/><line nr="53" mi="7" ci="0" mb="0" cb="0"/><line nr="55" mi="9" ci="0" mb="0" cb="0"/><line nr="57" mi="11" ci="0" mb="2" cb="0"/><line nr="58" mi="8" ci="0" mb="0" cb="0"/><line nr="60" mi="3" ci="0" mb="0" cb="0"/><line nr="61" mi="1" ci="0" mb="0" cb="0"/><line nr="63" mi="4" ci="0" mb="0" cb="0"/><line nr="64" mi="10" ci="0" mb="2" cb="0"/><line nr="65" mi="7" ci="0" mb="0" cb="0"/><line nr="66" mi="3" ci="0" mb="0" cb="0"/><line nr="67" mi="3" ci="0" mb="0" cb="0"/><line nr="68" mi="11" ci="0" mb="2" cb="0"/><line nr="69" mi="7" ci="0" mb="0" cb="0"/><line nr="70" mi="1" ci="0" mb="0" cb="0"/><line nr="71" mi="3" ci="0" mb="0" cb="0"/><line nr="72" mi="3" ci="0" mb="0" cb="0"/><line nr="73" mi="6" ci="0" mb="0" cb="0"/><line nr="74" mi="6" ci="0" mb="0" cb="0"/><line nr="75" mi="6" ci="0" mb="0" cb="0"/><line nr="76" mi="6" ci="0" mb="0" cb="0"/><line nr="77" mi="6" ci="0" mb="0" cb="0"/><line nr="78" mi="3" ci="0" mb="0" cb="0"/><line nr="79" mi="11" ci="0" mb="2" cb="0"/><line nr="80" mi="7" ci="0" mb="0" cb="0"/><line nr="81" mi="1" ci="0" mb="0" cb="0"/><line nr="82" mi="3" ci="0" mb="0" cb="0"/><line nr="83" mi="11" ci="0" mb="2" cb="0"/><line nr="84" mi="5" ci="0" mb="0" cb="0"/><line nr="85" mi="1" ci="0" mb="0" cb="0"/><line nr="86" mi="2" ci="0" mb="2" cb="0"/><line nr="87" mi="5" ci="0" mb="0" cb="0"/><line nr="89" mi="3" ci="0" mb="0" cb="0"/><line nr="90" mi="1" ci="0" mb="0" cb="0"/><line nr="92" mi="2" ci="0" mb="2" cb="0"/><line nr="93" mi="7" ci="0" mb="0" cb="0"/><line nr="94" mi="10" ci="0" mb="2" cb="0"/><line nr="95" mi="6" ci="0" mb="0" cb="0"/><line nr="96" mi="3" ci="0" mb="0" cb="0"/><line nr="99" mi="7" ci="0" mb="2" cb="0"/><line nr="100" mi="4" ci="0" mb="0" cb="0"/><line nr="101" mi="7" ci="0" mb="0" cb="0"/><line nr="102" mi="14" ci="0" mb="2" cb="0"/><line nr="103" mi="7" ci="0" mb="0" cb="0"/><line nr="104" mi="1" ci="0" mb="0" cb="0"/><line nr="105" mi="3" ci="0" mb="0" cb="0"/><line nr="109" mi="2" ci="0" mb="2" cb="0"/><line nr="110" mi="8" ci="0" mb="0" cb="0"/><line nr="111" mi="2" ci="0" mb="0" cb="0"/><line nr="112" mi="1" ci="0" mb="0" cb="0"/><line nr="113" mi="8" ci="0" mb="0" cb="0"/><line nr="115" mi="15" ci="0" mb="0" cb="0"/><line nr="116" mi="8" ci="0" mb="0" cb="0"/><line nr="117" mi="7" ci="0" mb="0" cb="0"/><line nr="120" mi="2" ci="0" mb="0" cb="0"/><line nr="121" mi="2" ci="0" mb="0" cb="0"/><line nr="122" mi="2" ci="0" mb="2" cb="0"/><line nr="125" mi="4" ci="0" mb="0" cb="0"/><line nr="126" mi="4" ci="0" mb="0" cb="0"/><line nr="128" mi="2" ci="0" mb="6" cb="0"/><line nr="130" mi="3" ci="0" mb="2" cb="0"/><line nr="131" mi="3" ci="0" mb="0" cb="0"/><line nr="132" mi="5" ci="0" mb="0" cb="0"/><line nr="133" mi="8" ci="0" mb="4" cb="0"/><line nr="134" mi="7" ci="0" mb="0" cb="0"/><line nr="135" mi="5" ci="0" mb="2" cb="0"/><line nr="136" mi="11" ci="0" mb="0" cb="0"/><line nr="137" mi="6" ci="0" mb="0" cb="0"/><line nr="138" mi="6" ci="0" mb="2" cb="0"/><line nr="142" mi="3" ci="0" mb="2" cb="0"/><line nr="143" mi="3" ci="0" mb="0" cb="0"/><line nr="144" mi="5" ci="0" mb="0" cb="0"/><line nr="145" mi="8" ci="0" mb="4" cb="0"/><line nr="146" mi="7" ci="0" mb="0" cb="0"/><line nr="147" mi="5" ci="0" mb="2" cb="0"/><line nr="148" mi="7" ci="0" mb="0" cb="0"/><line nr="149" mi="5" ci="0" mb="2" cb="0"/><line nr="150" mi="7" ci="0" mb="0" cb="0"/><line nr="151" mi="5" ci="0" mb="2" cb="0"/><line nr="152" mi="11" ci="0" mb="0" cb="0"/><line nr="153" mi="7" ci="0" mb="0" cb="0"/><line nr="155" mi="6" ci="0" mb="2" cb="0"/><line nr="159" mi="3" ci="0" mb="2" cb="0"/><line nr="160" mi="3" ci="0" mb="0" cb="0"/><line nr="161" mi="5" ci="0" mb="0" cb="0"/><line nr="162" mi="8" ci="0" mb="4" cb="0"/><line nr="163" mi="7" ci="0" mb="0" cb="0"/><line nr="164" mi="6" ci="0" mb="0" cb="0"/><line nr="165" mi="6" ci="0" mb="2" cb="0"/><line nr="169" mi="3" ci="0" mb="2" cb="0"/><line nr="170" mi="3" ci="0" mb="0" cb="0"/><line nr="171" mi="5" ci="0" mb="0" cb="0"/><line nr="172" mi="8" ci="0" mb="4" cb="0"/><line nr="173" mi="7" ci="0" mb="0" cb="0"/><line nr="174" mi="6" ci="0" mb="0" cb="0"/><line nr="175" mi="6" ci="0" mb="2" cb="0"/><line nr="179" mi="3" ci="0" mb="2" cb="0"/><line nr="180" mi="4" ci="0" mb="0" cb="0"/><line nr="181" mi="4" ci="0" mb="0" cb="0"/><line nr="182" mi="1" ci="0" mb="0" cb="0"/><line nr="187" mi="5" ci="0" mb="2" cb="0"/><line nr="188" mi="3" ci="0" mb="0" cb="0"/><line nr="189" mi="5" ci="0" mb="0" cb="0"/><line nr="190" mi="7" ci="0" mb="0" cb="0"/><line nr="191" mi="5" ci="0" mb="2" cb="0"/><line nr="192" mi="11" ci="0" mb="0" cb="0"/><line nr="194" mi="3" ci="0" mb="2" cb="0"/><line nr="195" mi="3" ci="0" mb="0" cb="0"/><line nr="196" mi="5" ci="0" mb="0" cb="0"/><line nr="197" mi="7" ci="0" mb="0" cb="0"/><line nr="198" mi="7" ci="0" mb="0" cb="0"/><line nr="199" mi="5" ci="0" mb="2" cb="0"/><line nr="200" mi="11" ci="0" mb="0" cb="0"/><line nr="201" mi="8" ci="0" mb="0" cb="0"/><line nr="202" mi="6" ci="0" mb="2" cb="0"/><line nr="208" mi="3" ci="0" mb="2" cb="0"/><line nr="209" mi="3" ci="0" mb="0" cb="0"/><line nr="210" mi="5" ci="0" mb="0" cb="0"/><line nr="211" mi="7" ci="0" mb="0" cb="0"/><line nr="212" mi="5" ci="0" mb="2" cb="0"/><line nr="213" mi="11" ci="0" mb="0" cb="0"/><line nr="214" mi="7" ci="0" mb="0" cb="0"/><line nr="215" mi="6" ci="0" mb="2" cb="0"/><line nr="217" mi="3" ci="0" mb="2" cb="0"/><line nr="218" mi="6" ci="0" mb="0" cb="0"/><line nr="219" mi="6" ci="0" mb="2" cb="0"/><line nr="221" mi="3" ci="0" mb="2" cb="0"/><line nr="222" mi="3" ci="0" mb="0" cb="0"/><line nr="223" mi="5" ci="0" mb="0" cb="0"/><line nr="224" mi="7" ci="0" mb="0" cb="0"/><line nr="225" mi="5" ci="0" mb="2" cb="0"/><line nr="226" mi="11" ci="0" mb="0" cb="0"/><line nr="227" mi="7" ci="0" mb="0" cb="0"/><line nr="228" mi="6" ci="0" mb="2" cb="0"/><line nr="230" mi="3" ci="0" mb="2" cb="0"/><line nr="231" mi="6" ci="0" mb="0" cb="0"/><line nr="232" mi="6" ci="0" mb="2" cb="0"/><line nr="238" mi="3" ci="0" mb="2" cb="0"/><line nr="239" mi="6" ci="0" mb="0" cb="0"/><line nr="240" mi="6" ci="0" mb="2" cb="0"/><line nr="250" mi="3" ci="0" mb="2" cb="0"/><line nr="251" mi="3" ci="0" mb="0" cb="0"/><line nr="252" mi="5" ci="0" mb="0" cb="0"/><line nr="253" mi="7" ci="0" mb="0" cb="0"/><line nr="254" mi="7" ci="0" mb="0" cb="0"/><line nr="255" mi="6" ci="0" mb="2" cb="0"/><line nr="257" mi="3" ci="0" mb="2" cb="0"/><line nr="258" mi="3" ci="0" mb="0" cb="0"/><line nr="259" mi="5" ci="0" mb="0" cb="0"/><line nr="260" mi="7" ci="0" mb="0" cb="0"/><line nr="261" mi="7" ci="0" mb="0" cb="0"/><line nr="262" mi="5" ci="0" mb="2" cb="0"/><line nr="267" mi="3" ci="0" mb="2" cb="0"/><line nr="268" mi="3" ci="0" mb="0" cb="0"/><line nr="269" mi="1" ci="0" mb="0" cb="0"/><line nr="270" mi="1" ci="0" mb="0" cb="0"/><line nr="274" mi="3" ci="0" mb="0" cb="0"/><line nr="275" mi="2" ci="0" mb="6" cb="0"/><line nr="276" mi="2" ci="0" mb="0" cb="0"/><line nr="277" mi="2" ci="0" mb="0" cb="0"/><line nr="278" mi="2" ci="0" mb="0" cb="0"/><line nr="279" mi="2" ci="0" mb="0" cb="0"/><line nr="280" mi="2" ci="0" mb="0" cb="0"/><line nr="282" mi="2" ci="0" mb="0" cb="0"/><line nr="286" mi="2" ci="0" mb="0" cb="0"/><line nr="287" mi="7" ci="0" mb="2" cb="0"/><line nr="288" mi="4" ci="0" mb="2" cb="0"/><line nr="289" mi="4" ci="0" mb="0" cb="0"/><line nr="290" mi="4" ci="0" mb="2" cb="0"/><line nr="291" mi="4" ci="0" mb="0" cb="0"/><line nr="292" mi="4" ci="0" mb="2" cb="0"/><line nr="293" mi="3" ci="0" mb="0" cb="0"/><line nr="296" mi="2" ci="0" mb="0" cb="0"/><counter type="INSTRUCTION" missed="984" covered="0"/><counter type="BRANCH" missed="140" covered="0"/><counter type="LINE" missed="193" covered="0"/><counter type="COMPLEXITY" missed="79" covered="0"/><counter type="METHOD" missed="5" covered="0"/><counter type="CLASS" missed="1" covered="0"/></sourcefile><counter type="INSTRUCTION" missed="1467" covered="0"/><counter type="BRANCH" missed="178" covered="0"/><counter type="LINE" missed="280" covered="0"/><counter type="COMPLEXITY" missed="112" covered="0"/><counter type="METHOD" missed="18" covered="0"/><counter type="CLASS" missed="4" covered="0"/></package><package name="it/polimi/ingsw/model/gameboard/characters"><class name="it/polimi/ingsw/model/gameboard/characters/CharacterCard" sourcefilename="CharacterCard.java"/><class name="it/polimi/ingsw/model/gameboard/characters/Character10" sourcefilename="Character10.java"><method name="&lt;init&gt;" desc="()V" line="9"><counter type="INSTRUCTION" missed="0" covered="9"/><counter type="LINE" missed="0" covered="4"/><counter type="COMPLEXITY" missed="0" covered="1"/><counter type="METHOD" missed="0" covered="1"/></method><method name="play" desc="()V" line="16"><counter type="INSTRUCTION" missed="7" covered="0"/><counter type="LINE" missed="2" covered="0"/><counter type="COMPLEXITY" missed="1" covered="0"/><counter type="METHOD" missed="1" covered="0"/></method><method name="getIndex" desc="()I" line="21"><counter type="INSTRUCTION" missed="0" covered="3"/><counter type="LINE" missed="0" covered="1"/><counter type="COMPLEXITY" missed="0" covered="1"/><counter type="METHOD" missed="0" covered="1"/></method><method name="getCost" desc="()I" line="26"><counter type="INSTRUCTION" missed="3" covered="0"/><counter type="LINE" missed="1" covered="0"/><counter type="COMPLEXITY" missed="1" covered="0"/><counter type="METHOD" missed="1" covered="0"/></method><method name="toString" desc="()Ljava/lang/String;" line="31"><counter type="INSTRUCTION" missed="6" covered="0"/><counter type="LINE" missed="1" covered="0"/><counter type="COMPLEXITY" missed="1" covered="0"/><counter type="METHOD" missed="1" covered="0"/></method><counter type="INSTRUCTION" missed="16" covered="12"/><counter type="LINE" missed="4" covered="5"/><counter type="COMPLEXITY" missed="3" covered="2"/><counter type="METHOD" missed="3" covered="2"/><counter type="CLASS" missed="0" covered="1"/></class><class name="it/polimi/ingsw/model/gameboard/characters/Character11" sourcefilename="Character11.java"><method name="&lt;init&gt;" desc="()V" line="14"><counter type="INSTRUCTION" missed="14" covered="0"/><counter type="LINE" missed="5" covered="0"/><counter type="COMPLEXITY" missed="1" covered="0"/><counter type="METHOD" missed="1" covered="0"/></method><method name="getStudent" desc="(I)Lit/polimi/ingsw/model/player/Student;" line="22"><counter type="INSTRUCTION" missed="32" covered="0"/><counter type="BRANCH" missed="4" covered="0"/><counter type="LINE" missed="7" covered="0"/><counter type="COMPLEXITY" missed="3" covered="0"/><counter type="METHOD" missed="1" covered="0"/></method><method name="checkColorExists" desc="(I)Z" line="34"><counter type="INSTRUCTION" missed="23" covered="0"/><counter type="BRANCH" missed="4" covered="0"/><counter type="LINE" missed="4" covered="0"/><counter type="COMPLEXITY" missed="3" covered="0"/><counter type="METHOD" missed="1" covered="0"/></method><method name="addStudent" desc="(Lit/polimi/ingsw/model/player/Student;)V" line="42"><counter type="INSTRUCTION" missed="6" covered="0"/><counter type="LINE" missed="2" covered="0"/><counter type="COMPLEXITY" missed="1" covered="0"/><counter type="METHOD" missed="1" covered="0"/></method><method name="play" desc="()V" line="47"><counter type="INSTRUCTION" missed="7" covered="0"/><counter type="LINE" missed="2" covered="0"/><counter type="COMPLEXITY" missed="1" covered="0"/><counter type="METHOD" missed="1" covered="0"/></method><method name="getIndex" desc="()I" line="52"><counter type="INSTRUCTION" missed="3" covered="0"/><counter type="LINE" missed="1" covered="0"/><counter type="COMPLEXITY" missed="1" covered="0"/><counter type="METHOD" missed="1" covered="0"/></method><method name="getCost" desc="()I" line="57"><counter type="INSTRUCTION" missed="3" covered="0"/><counter type="LINE" missed="1" covered="0"/><counter type="COMPLEXITY" missed="1" covered="0"/><counter type="METHOD" missed="1" covered="0"/></method><method name="toString" desc="()Ljava/lang/String;" line="62"><counter type="INSTRUCTION" missed="8" covered="0"/><counter type="LINE" missed="1" covered="0"/><counter type="COMPLEXITY" missed="1" covered="0"/><counter type="METHOD" missed="1" covered="0"/></method><counter type="INSTRUCTION" missed="96" covered="0"/><counter type="BRANCH" missed="8" covered="0"/><counter type="LINE" missed="23" covered="0"/><counter type="COMPLEXITY" missed="12" covered="0"/><counter type="METHOD" missed="8" covered="0"/><counter type="CLASS" missed="1" covered="0"/></class><class name="it/polimi/ingsw/model/gameboard/characters/Character12" sourcefilename="Character12.java"><method name="&lt;init&gt;" desc="()V" line="9"><counter type="INSTRUCTION" missed="9" covered="0"/><counter type="LINE" missed="4" covered="0"/><counter type="COMPLEXITY" missed="1" covered="0"/><counter type="METHOD" missed="1" covered="0"/></method><method name="play" desc="()V" line="16"><counter type="INSTRUCTION" missed="7" covered="0"/><counter type="LINE" missed="2" covered="0"/><counter type="COMPLEXITY" missed="1" covered="0"/><counter type="METHOD" missed="1" covered="0"/></method><method name="getIndex" desc="()I" line="21"><counter type="INSTRUCTION" missed="3" covered="0"/><counter type="LINE" missed="1" covered="0"/><counter type="COMPLEXITY" missed="1" covered="0"/><counter type="METHOD" missed="1" covered="0"/></method><method name="getCost" desc="()I" line="26"><counter type="INSTRUCTION" missed="3" covered="0"/><counter type="LINE" missed="1" covered="0"/><counter type="COMPLEXITY" missed="1" covered="0"/><counter type="METHOD" missed="1" covered="0"/></method><method name="toString" desc="()Ljava/lang/String;" line="31"><counter type="INSTRUCTION" missed="6" covered="0"/><counter type="LINE" missed="1" covered="0"/><counter type="COMPLEXITY" missed="1" covered="0"/><counter type="METHOD" missed="1" covered="0"/></method><counter type="INSTRUCTION" missed="28" covered="0"/><counter type="LINE" missed="9" covered="0"/><counter type="COMPLEXITY" missed="5" covered="0"/><counter type="METHOD" missed="5" covered="0"/><counter type="CLASS" missed="1" covered="0"/></class><class name="it/polimi/ingsw/model/gameboard/characters/Character1" sourcefilename="Character1.java"><method name="&lt;init&gt;" desc="()V" line="16"><counter type="INSTRUCTION" missed="14" covered="0"/><counter type="LINE" missed="5" covered="0"/><counter type="COMPLEXITY" missed="1" covered="0"/><counter type="METHOD" missed="1" covered="0"/></method><method name="getStudent" desc="(I)Lit/polimi/ingsw/model/player/Student;" line="23"><counter type="INSTRUCTION" missed="32" covered="0"/><counter type="BRANCH" missed="4" covered="0"/><counter type="LINE" missed="7" covered="0"/><counter type="COMPLEXITY" missed="3" covered="0"/><counter type="METHOD" missed="1" covered="0"/></method><method name="checkColorExists" desc="(I)Z" line="35"><counter type="INSTRUCTION" missed="23" covered="0"/><counter type="BRANCH" missed="4" covered="0"/><counter type="LINE" missed="4" covered="0"/><counter type="COMPLEXITY" missed="3" covered="0"/><counter type="METHOD" missed="1" covered="0"/></method><method name="addStudent" desc="(Lit/polimi/ingsw/model/player/Student;)V" line="43"><counter type="INSTRUCTION" missed="6" covered="0"/><counter type="LINE" missed="2" covered="0"/><counter type="COMPLEXITY" missed="1" covered="0"/><counter type="METHOD" missed="1" covered="0"/></method><method name="play" desc="()V" line="48"><counter type="INSTRUCTION" missed="7" covered="0"/><counter type="LINE" missed="2" covered="0"/><counter type="COMPLEXITY" missed="1" covered="0"/><counter type="METHOD" missed="1" covered="0"/></method><method name="getIndex" desc="()I" line="53"><counter type="INSTRUCTION" missed="3" covered="0"/><counter type="LINE" missed="1" covered="0"/><counter type="COMPLEXITY" missed="1" covered="0"/><counter type="METHOD" missed="1" covered="0"/></method><method name="getCost" desc="()I" line="58"><counter type="INSTRUCTION" missed="3" covered="0"/><counter type="LINE" missed="1" covered="0"/><counter type="COMPLEXITY" missed="1" covered="0"/><counter type="METHOD" missed="1" covered="0"/></method><method name="toString" desc="()Ljava/lang/String;" line="63"><counter type="INSTRUCTION" missed="8" covered="0"/><counter type="LINE" missed="1" covered="0"/><counter type="COMPLEXITY" missed="1" covered="0"/><counter type="METHOD" missed="1" covered="0"/></method><counter type="INSTRUCTION" missed="96" covered="0"/><counter type="BRANCH" missed="8" covered="0"/><counter type="LINE" missed="23" covered="0"/><counter type="COMPLEXITY" missed="12" covered="0"/><counter type="METHOD" missed="8" covered="0"/><counter type="CLASS" missed="1" covered="0"/></class><class name="it/polimi/ingsw/model/gameboard/characters/Character2" sourcefilename="Character2.java"><method name="&lt;init&gt;" desc="()V" line="10"><counter type="INSTRUCTION" missed="0" covered="12"/><counter type="LINE" missed="0" covered="5"/><counter type="COMPLEXITY" missed="0" covered="1"/><counter type="METHOD" missed="0" covered="1"/></method><method name="enableEffect" desc="()V" line="17"><counter type="INSTRUCTION" missed="4" covered="0"/><counter type="LINE" missed="2" covered="0"/><counter type="COMPLEXITY" missed="1" covered="0"/><counter type="METHOD" missed="1" covered="0"/></method><method name="disableEffect" desc="()V" line="21"><counter type="INSTRUCTION" missed="4" covered="0"/><counter type="LINE" missed="2" covered="0"/><counter type="COMPLEXITY" missed="1" covered="0"/><counter type="METHOD" missed="1" covered="0"/></method><method name="isEffectFlag" desc="()Z" line="25"><counter type="INSTRUCTION" missed="0" covered="3"/><counter type="LINE" missed="0" covered="1"/><counter type="COMPLEXITY" missed="0" covered="1"/><counter type="METHOD" missed="0" covered="1"/></method><method name="play" desc="()V" line="30"><counter type="INSTRUCTION" missed="7" covered="0"/><counter type="LINE" missed="2" covered="0"/><counter type="COMPLEXITY" missed="1" covered="0"/><counter type="METHOD" missed="1" covered="0"/></method><method name="getIndex" desc="()I" line="35"><counter type="INSTRUCTION" missed="0" covered="3"/><counter type="LINE" missed="0" covered="1"/><counter type="COMPLEXITY" missed="0" covered="1"/><counter type="METHOD" missed="0" covered="1"/></method><method name="getCost" desc="()I" line="40"><counter type="INSTRUCTION" missed="3" covered="0"/><counter type="LINE" missed="1" covered="0"/><counter type="COMPLEXITY" missed="1" covered="0"/><counter type="METHOD" missed="1" covered="0"/></method><method name="toString" desc="()Ljava/lang/String;" line="45"><counter type="INSTRUCTION" missed="8" covered="0"/><counter type="LINE" missed="1" covered="0"/><counter type="COMPLEXITY" missed="1" covered="0"/><counter type="METHOD" missed="1" covered="0"/></method><counter type="INSTRUCTION" missed="26" covered="18"/><counter type="LINE" missed="8" covered="7"/><counter type="COMPLEXITY" missed="5" covered="3"/><counter type="METHOD" missed="5" covered="3"/><counter type="CLASS" missed="0" covered="1"/></class><class name="it/polimi/ingsw/model/gameboard/characters/Character3" sourcefilename="Character3.java"><method name="&lt;init&gt;" desc="()V" line="10"><counter type="INSTRUCTION" missed="12" covered="0"/><counter type="LINE" missed="5" covered="0"/><counter type="COMPLEXITY" missed="1" covered="0"/><counter type="METHOD" missed="1" covered="0"/></method><method name="enableEffect" desc="()V" line="17"><counter type="INSTRUCTION" missed="4" covered="0"/><counter type="LINE" missed="2" covered="0"/><counter type="COMPLEXITY" missed="1" covered="0"/><counter type="METHOD" missed="1" covered="0"/></method><method name="disableEffect" desc="()V" line="21"><counter type="INSTRUCTION" missed="4" covered="0"/><counter type="LINE" missed="2" covered="0"/><counter type="COMPLEXITY" missed="1" covered="0"/><counter type="METHOD" missed="1" covered="0"/></method><method name="isEffectFlag" desc="()Z" line="25"><counter type="INSTRUCTION" missed="3" covered="0"/><counter type="LINE" missed="1" covered="0"/><counter type="COMPLEXITY" missed="1" covered="0"/><counter type="METHOD" missed="1" covered="0"/></method><method name="play" desc="()V" line="30"><counter type="INSTRUCTION" missed="7" covered="0"/><counter type="LINE" missed="2" covered="0"/><counter type="COMPLEXITY" missed="1" covered="0"/><counter type="METHOD" missed="1" covered="0"/></method><method name="getIndex" desc="()I" line="35"><counter type="INSTRUCTION" missed="3" covered="0"/><counter type="LINE" missed="1" covered="0"/><counter type="COMPLEXITY" missed="1" covered="0"/><counter type="METHOD" missed="1" covered="0"/></method><method name="getCost" desc="()I" line="40"><counter type="INSTRUCTION" missed="3" covered="0"/><counter type="LINE" missed="1" covered="0"/><counter type="COMPLEXITY" missed="1" covered="0"/><counter type="METHOD" missed="1" covered="0"/></method><method name="toString" desc="()Ljava/lang/String;" line="45"><counter type="INSTRUCTION" missed="8" covered="0"/><counter type="LINE" mis
[...]
0" mb="2" cb="0"/><line nr="1162" mi="4" ci="0" mb="0" cb="0"/><line nr="1163" mi="5" ci="0" mb="0" cb="0"/><line nr="1165" mi="4" ci="0" mb="0" cb="0"/><line nr="1166" mi="4" ci="0" mb="0" cb="0"/><line nr="1167" mi="5" ci="0" mb="0" cb="0"/><line nr="1169" mi="2" ci="0" mb="2" cb="0"/><line nr="1170" mi="4" ci="0" mb="0" cb="0"/><line nr="1171" mi="5" ci="0" mb="0" cb="0"/><line nr="1173" mi="4" ci="0" mb="0" cb="0"/><line nr="1174" mi="4" ci="0" mb="0" cb="0"/><line nr="1175" mi="5" ci="0" mb="0" cb="0"/><line nr="1177" mi="2" ci="0" mb="2" cb="0"/><line nr="1178" mi="4" ci="0" mb="0" cb="0"/><line nr="1179" mi="5" ci="0" mb="0" cb="0"/><line nr="1181" mi="4" ci="0" mb="0" cb="0"/><line nr="1182" mi="4" ci="0" mb="0" cb="0"/><line nr="1183" mi="5" ci="0" mb="0" cb="0"/><line nr="1186" mi="3" ci="0" mb="2" cb="0"/><line nr="1187" mi="4" ci="0" mb="0" cb="0"/><line nr="1188" mi="5" ci="0" mb="0" cb="0"/><line nr="1190" mi="5" ci="0" mb="2" cb="0"/><line nr="1191" mi="13" ci="0" mb="0" cb="0"/><line nr="1192" mi="5" ci="0" mb="2" cb="0"/><line nr="1193" mi="13" ci="0" mb="0" cb="0"/><line nr="1194" mi="5" ci="0" mb="2" cb="0"/><line nr="1195" mi="12" ci="0" mb="0" cb="0"/><line nr="1197" mi="4" ci="0" mb="0" cb="0"/><line nr="1198" mi="6" ci="0" mb="0" cb="0"/><line nr="1201" mi="12" ci="0" mb="2" cb="0"/><line nr="1202" mi="1" ci="0" mb="0" cb="0"/><line nr="1205" mi="10" ci="0" mb="0" cb="0"/><line nr="1206" mi="11" ci="0" mb="2" cb="0"/><line nr="1207" mi="4" ci="0" mb="2" cb="0"/><line nr="1208" mi="2" ci="0" mb="0" cb="0"/><line nr="1209" mi="5" ci="0" mb="2" cb="0"/><line nr="1210" mi="2" ci="0" mb="0" cb="0"/><line nr="1211" mi="5" ci="0" mb="2" cb="0"/><line nr="1212" mi="2" ci="0" mb="0" cb="0"/><line nr="1213" mi="5" ci="0" mb="2" cb="0"/><line nr="1214" mi="2" ci="0" mb="0" cb="0"/><line nr="1215" mi="5" ci="0" mb="2" cb="0"/><line nr="1216" mi="1" ci="0" mb="0" cb="0"/><line nr="1217" mi="1" ci="0" mb="0" cb="0"/><line nr="1218" mi="2" ci="0" mb="2" cb="0"/><line nr="1219" mi="4" ci="0" mb="0" cb="0"/><line nr="1220" mi="5" ci="0" mb="0" cb="0"/><line nr="1222" mi="4" ci="0" mb="0" cb="0"/><line nr="1223" mi="4" ci="0" mb="0" cb="0"/><line nr="1224" mi="5" ci="0" mb="0" cb="0"/><line nr="1226" mi="2" ci="0" mb="2" cb="0"/><line nr="1227" mi="4" ci="0" mb="0" cb="0"/><line nr="1228" mi="5" ci="0" mb="0" cb="0"/><line nr="1230" mi="4" ci="0" mb="0" cb="0"/><line nr="1231" mi="4" ci="0" mb="0" cb="0"/><line nr="1232" mi="5" ci="0" mb="0" cb="0"/><line nr="1234" mi="2" ci="0" mb="2" cb="0"/><line nr="1235" mi="4" ci="0" mb="0" cb="0"/><line nr="1236" mi="5" ci="0" mb="0" cb="0"/><line nr="1238" mi="4" ci="0" mb="0" cb="0"/><line nr="1239" mi="4" ci="0" mb="0" cb="0"/><line nr="1240" mi="5" ci="0" mb="0" cb="0"/><line nr="1242" mi="2" ci="0" mb="2" cb="0"/><line nr="1243" mi="4" ci="0" mb="0" cb="0"/><line nr="1244" mi="5" ci="0" mb="0" cb="0"/><line nr="1246" mi="4" ci="0" mb="0" cb="0"/><line nr="1247" mi="4" ci="0" mb="0" cb="0"/><line nr="1248" mi="5" ci="0" mb="0" cb="0"/><line nr="1250" mi="2" ci="0" mb="2" cb="0"/><line nr="1251" mi="4" ci="0" mb="0" cb="0"/><line nr="1252" mi="5" ci="0" mb="0" cb="0"/><line nr="1254" mi="4" ci="0" mb="0" cb="0"/><line nr="1255" mi="4" ci="0" mb="0" cb="0"/><line nr="1256" mi="5" ci="0" mb="0" cb="0"/><line nr="1259" mi="3" ci="0" mb="2" cb="0"/><line nr="1260" mi="4" ci="0" mb="0" cb="0"/><line nr="1261" mi="5" ci="0" mb="0" cb="0"/><line nr="1263" mi="5" ci="0" mb="2" cb="0"/><line nr="1264" mi="13" ci="0" mb="0" cb="0"/><line nr="1265" mi="5" ci="0" mb="2" cb="0"/><line nr="1266" mi="13" ci="0" mb="0" cb="0"/><line nr="1267" mi="5" ci="0" mb="2" cb="0"/><line nr="1268" mi="12" ci="0" mb="0" cb="0"/><line nr="1270" mi="4" ci="0" mb="0" cb="0"/><line nr="1271" mi="6" ci="0" mb="0" cb="0"/><line nr="1274" mi="12" ci="0" mb="2" cb="0"/><line nr="1275" mi="1" ci="0" mb="0" cb="0"/><line nr="1278" mi="10" ci="0" mb="0" cb="0"/><line nr="1279" mi="11" ci="0" mb="2" cb="0"/><line nr="1280" mi="4" ci="0" mb="2" cb="0"/><line nr="1281" mi="2" ci="0" mb="0" cb="0"/><line nr="1282" mi="5" ci="0" mb="2" cb="0"/><line nr="1283" mi="2" ci="0" mb="0" cb="0"/><line nr="1284" mi="5" ci="0" mb="2" cb="0"/><line nr="1285" mi="2" ci="0" mb="0" cb="0"/><line nr="1286" mi="5" ci="0" mb="2" cb="0"/><line nr="1287" mi="2" ci="0" mb="0" cb="0"/><line nr="1288" mi="5" ci="0" mb="2" cb="0"/><line nr="1289" mi="1" ci="0" mb="0" cb="0"/><line nr="1290" mi="1" ci="0" mb="0" cb="0"/><line nr="1291" mi="2" ci="0" mb="2" cb="0"/><line nr="1292" mi="4" ci="0" mb="0" cb="0"/><line nr="1293" mi="5" ci="0" mb="0" cb="0"/><line nr="1295" mi="4" ci="0" mb="0" cb="0"/><line nr="1296" mi="4" ci="0" mb="0" cb="0"/><line nr="1297" mi="5" ci="0" mb="0" cb="0"/><line nr="1299" mi="2" ci="0" mb="2" cb="0"/><line nr="1300" mi="4" ci="0" mb="0" cb="0"/><line nr="1301" mi="5" ci="0" mb="0" cb="0"/><line nr="1303" mi="4" ci="0" mb="0" cb="0"/><line nr="1304" mi="4" ci="0" mb="0" cb="0"/><line nr="1305" mi="5" ci="0" mb="0" cb="0"/><line nr="1307" mi="2" ci="0" mb="2" cb="0"/><line nr="1308" mi="4" ci="0" mb="0" cb="0"/><line nr="1309" mi="5" ci="0" mb="0" cb="0"/><line nr="1311" mi="4" ci="0" mb="0" cb="0"/><line nr="1312" mi="4" ci="0" mb="0" cb="0"/><line nr="1313" mi="5" ci="0" mb="0" cb="0"/><line nr="1315" mi="2" ci="0" mb="2" cb="0"/><line nr="1316" mi="4" ci="0" mb="0" cb="0"/><line nr="1317" mi="5" ci="0" mb="0" cb="0"/><line nr="1319" mi="4" ci="0" mb="0" cb="0"/><line nr="1320" mi="4" ci="0" mb="0" cb="0"/><line nr="1321" mi="5" ci="0" mb="0" cb="0"/><line nr="1323" mi="2" ci="0" mb="2" cb="0"/><line nr="1324" mi="4" ci="0" mb="0" cb="0"/><line nr="1325" mi="5" ci="0" mb="0" cb="0"/><line nr="1327" mi="4" ci="0" mb="0" cb="0"/><line nr="1328" mi="4" ci="0" mb="0" cb="0"/><line nr="1329" mi="5" ci="0" mb="0" cb="0"/><line nr="1332" mi="3" ci="0" mb="2" cb="0"/><line nr="1333" mi="4" ci="0" mb="0" cb="0"/><line nr="1334" mi="5" ci="0" mb="0" cb="0"/><line nr="1336" mi="5" ci="0" mb="2" cb="0"/><line nr="1337" mi="13" ci="0" mb="0" cb="0"/><line nr="1338" mi="5" ci="0" mb="2" cb="0"/><line nr="1339" mi="13" ci="0" mb="0" cb="0"/><line nr="1340" mi="5" ci="0" mb="2" cb="0"/><line nr="1341" mi="12" ci="0" mb="0" cb="0"/><line nr="1343" mi="4" ci="0" mb="0" cb="0"/><line nr="1344" mi="6" ci="0" mb="0" cb="0"/><line nr="1347" mi="12" ci="0" mb="2" cb="0"/><line nr="1348" mi="1" ci="0" mb="0" cb="0"/><line nr="1351" mi="10" ci="0" mb="0" cb="0"/><line nr="1352" mi="11" ci="0" mb="2" cb="0"/><line nr="1353" mi="4" ci="0" mb="2" cb="0"/><line nr="1354" mi="2" ci="0" mb="0" cb="0"/><line nr="1355" mi="5" ci="0" mb="2" cb="0"/><line nr="1356" mi="2" ci="0" mb="0" cb="0"/><line nr="1357" mi="5" ci="0" mb="2" cb="0"/><line nr="1358" mi="2" ci="0" mb="0" cb="0"/><line nr="1359" mi="5" ci="0" mb="2" cb="0"/><line nr="1360" mi="2" ci="0" mb="0" cb="0"/><line nr="1361" mi="5" ci="0" mb="2" cb="0"/><line nr="1362" mi="1" ci="0" mb="0" cb="0"/><line nr="1363" mi="1" ci="0" mb="0" cb="0"/><line nr="1364" mi="2" ci="0" mb="2" cb="0"/><line nr="1365" mi="4" ci="0" mb="0" cb="0"/><line nr="1366" mi="5" ci="0" mb="0" cb="0"/><line nr="1368" mi="4" ci="0" mb="0" cb="0"/><line nr="1369" mi="4" ci="0" mb="0" cb="0"/><line nr="1370" mi="5" ci="0" mb="0" cb="0"/><line nr="1372" mi="2" ci="0" mb="2" cb="0"/><line nr="1373" mi="4" ci="0" mb="0" cb="0"/><line nr="1374" mi="5" ci="0" mb="0" cb="0"/><line nr="1376" mi="4" ci="0" mb="0" cb="0"/><line nr="1377" mi="4" ci="0" mb="0" cb="0"/><line nr="1378" mi="5" ci="0" mb="0" cb="0"/><line nr="1380" mi="2" ci="0" mb="2" cb="0"/><line nr="1381" mi="4" ci="0" mb="0" cb="0"/><line nr="1382" mi="5" ci="0" mb="0" cb="0"/><line nr="1384" mi="4" ci="0" mb="0" cb="0"/><line nr="1385" mi="4" ci="0" mb="0" cb="0"/><line nr="1386" mi="5" ci="0" mb="0" cb="0"/><line nr="1388" mi="2" ci="0" mb="2" cb="0"/><line nr="1389" mi="4" ci="0" mb="0" cb="0"/><line nr="1390" mi="5" ci="0" mb="0" cb="0"/><line nr="1392" mi="4" ci="0" mb="0" cb="0"/><line nr="1393" mi="4" ci="0" mb="0" cb="0"/><line nr="1394" mi="5" ci="0" mb="0" cb="0"/><line nr="1396" mi="2" ci="0" mb="2" cb="0"/><line nr="1397" mi="4" ci="0" mb="0" cb="0"/><line nr="1398" mi="5" ci="0" mb="0" cb="0"/><line nr="1400" mi="4" ci="0" mb="0" cb="0"/><line nr="1401" mi="4" ci="0" mb="0" cb="0"/><line nr="1402" mi="5" ci="0" mb="0" cb="0"/><line nr="1405" mi="3" ci="0" mb="2" cb="0"/><line nr="1406" mi="4" ci="0" mb="0" cb="0"/><line nr="1407" mi="5" ci="0" mb="0" cb="0"/><line nr="1409" mi="5" ci="0" mb="2" cb="0"/><line nr="1410" mi="13" ci="0" mb="0" cb="0"/><line nr="1411" mi="5" ci="0" mb="2" cb="0"/><line nr="1412" mi="13" ci="0" mb="0" cb="0"/><line nr="1413" mi="5" ci="0" mb="2" cb="0"/><line nr="1414" mi="12" ci="0" mb="0" cb="0"/><line nr="1416" mi="4" ci="0" mb="0" cb="0"/><line nr="1417" mi="6" ci="0" mb="0" cb="0"/><line nr="1420" mi="12" ci="0" mb="2" cb="0"/><line nr="1421" mi="1" ci="0" mb="0" cb="0"/><line nr="1424" mi="10" ci="0" mb="0" cb="0"/><line nr="1425" mi="11" ci="0" mb="2" cb="0"/><line nr="1426" mi="4" ci="0" mb="2" cb="0"/><line nr="1427" mi="2" ci="0" mb="0" cb="0"/><line nr="1428" mi="5" ci="0" mb="2" cb="0"/><line nr="1429" mi="2" ci="0" mb="0" cb="0"/><line nr="1430" mi="5" ci="0" mb="2" cb="0"/><line nr="1431" mi="2" ci="0" mb="0" cb="0"/><line nr="1432" mi="5" ci="0" mb="2" cb="0"/><line nr="1433" mi="2" ci="0" mb="0" cb="0"/><line nr="1434" mi="5" ci="0" mb="2" cb="0"/><line nr="1435" mi="1" ci="0" mb="0" cb="0"/><line nr="1436" mi="1" ci="0" mb="0" cb="0"/><line nr="1437" mi="2" ci="0" mb="2" cb="0"/><line nr="1438" mi="4" ci="0" mb="0" cb="0"/><line nr="1439" mi="5" ci="0" mb="0" cb="0"/><line nr="1441" mi="4" ci="0" mb="0" cb="0"/><line nr="1442" mi="4" ci="0" mb="0" cb="0"/><line nr="1443" mi="5" ci="0" mb="0" cb="0"/><line nr="1445" mi="2" ci="0" mb="2" cb="0"/><line nr="1446" mi="4" ci="0" mb="0" cb="0"/><line nr="1447" mi="5" ci="0" mb="0" cb="0"/><line nr="1449" mi="4" ci="0" mb="0" cb="0"/><line nr="1450" mi="4" ci="0" mb="0" cb="0"/><line nr="1451" mi="5" ci="0" mb="0" cb="0"/><line nr="1453" mi="2" ci="0" mb="2" cb="0"/><line nr="1454" mi="4" ci="0" mb="0" cb="0"/><line nr="1455" mi="5" ci="0" mb="0" cb="0"/><line nr="1457" mi="4" ci="0" mb="0" cb="0"/><line nr="1458" mi="4" ci="0" mb="0" cb="0"/><line nr="1459" mi="5" ci="0" mb="0" cb="0"/><line nr="1461" mi="2" ci="0" mb="2" cb="0"/><line nr="1462" mi="4" ci="0" mb="0" cb="0"/><line nr="1463" mi="5" ci="0" mb="0" cb="0"/><line nr="1465" mi="4" ci="0" mb="0" cb="0"/><line nr="1466" mi="4" ci="0" mb="0" cb="0"/><line nr="1467" mi="5" ci="0" mb="0" cb="0"/><line nr="1469" mi="2" ci="0" mb="2" cb="0"/><line nr="1470" mi="4" ci="0" mb="0" cb="0"/><line nr="1471" mi="5" ci="0" mb="0" cb="0"/><line nr="1473" mi="4" ci="0" mb="0" cb="0"/><line nr="1474" mi="4" ci="0" mb="0" cb="0"/><line nr="1475" mi="5" ci="0" mb="0" cb="0"/><line nr="1478" mi="3" ci="0" mb="2" cb="0"/><line nr="1479" mi="4" ci="0" mb="0" cb="0"/><line nr="1480" mi="5" ci="0" mb="0" cb="0"/><line nr="1482" mi="5" ci="0" mb="2" cb="0"/><line nr="1483" mi="13" ci="0" mb="0" cb="0"/><line nr="1484" mi="5" ci="0" mb="2" cb="0"/><line nr="1485" mi="13" ci="0" mb="0" cb="0"/><line nr="1486" mi="5" ci="0" mb="2" cb="0"/><line nr="1487" mi="12" ci="0" mb="0" cb="0"/><line nr="1489" mi="4" ci="0" mb="0" cb="0"/><line nr="1490" mi="6" ci="0" mb="0" cb="0"/><line nr="1493" mi="12" ci="0" mb="2" cb="0"/><line nr="1494" mi="1" ci="0" mb="0" cb="0"/><line nr="1497" mi="10" ci="0" mb="0" cb="0"/><line nr="1498" mi="11" ci="0" mb="2" cb="0"/><line nr="1499" mi="4" ci="0" mb="2" cb="0"/><line nr="1500" mi="2" ci="0" mb="0" cb="0"/><line nr="1501" mi="5" ci="0" mb="2" cb="0"/><line nr="1502" mi="2" ci="0" mb="0" cb="0"/><line nr="1503" mi="5" ci="0" mb="2" cb="0"/><line nr="1504" mi="2" ci="0" mb="0" cb="0"/><line nr="1505" mi="5" ci="0" mb="2" cb="0"/><line nr="1506" mi="2" ci="0" mb="0" cb="0"/><line nr="1507" mi="5" ci="0" mb="2" cb="0"/><line nr="1508" mi="1" ci="0" mb="0" cb="0"/><line nr="1509" mi="1" ci="0" mb="0" cb="0"/><line nr="1510" mi="2" ci="0" mb="2" cb="0"/><line nr="1511" mi="4" ci="0" mb="0" cb="0"/><line nr="1512" mi="5" ci="0" mb="0" cb="0"/><line nr="1514" mi="4" ci="0" mb="0" cb="0"/><line nr="1515" mi="4" ci="0" mb="0" cb="0"/><line nr="1516" mi="5" ci="0" mb="0" cb="0"/><line nr="1518" mi="2" ci="0" mb="2" cb="0"/><line nr="1519" mi="4" ci="0" mb="0" cb="0"/><line nr="1520" mi="5" ci="0" mb="0" cb="0"/><line nr="1522" mi="4" ci="0" mb="0" cb="0"/><line nr="1523" mi="4" ci="0" mb="0" cb="0"/><line nr="1524" mi="5" ci="0" mb="0" cb="0"/><line nr="1526" mi="2" ci="0" mb="2" cb="0"/><line nr="1527" mi="4" ci="0" mb="0" cb="0"/><line nr="1528" mi="5" ci="0" mb="0" cb="0"/><line nr="1530" mi="4" ci="0" mb="0" cb="0"/><line nr="1531" mi="4" ci="0" mb="0" cb="0"/><line nr="1532" mi="5" ci="0" mb="0" cb="0"/><line nr="1534" mi="2" ci="0" mb="2" cb="0"/><line nr="1535" mi="4" ci="0" mb="0" cb="0"/><line nr="1536" mi="5" ci="0" mb="0" cb="0"/><line nr="1538" mi="4" ci="0" mb="0" cb="0"/><line nr="1539" mi="4" ci="0" mb="0" cb="0"/><line nr="1540" mi="5" ci="0" mb="0" cb="0"/><line nr="1542" mi="2" ci="0" mb="2" cb="0"/><line nr="1543" mi="4" ci="0" mb="0" cb="0"/><line nr="1544" mi="5" ci="0" mb="0" cb="0"/><line nr="1546" mi="4" ci="0" mb="0" cb="0"/><line nr="1547" mi="4" ci="0" mb="0" cb="0"/><line nr="1548" mi="5" ci="0" mb="0" cb="0"/><line nr="1551" mi="3" ci="0" mb="2" cb="0"/><line nr="1552" mi="4" ci="0" mb="0" cb="0"/><line nr="1553" mi="5" ci="0" mb="0" cb="0"/><line nr="1555" mi="5" ci="0" mb="2" cb="0"/><line nr="1556" mi="13" ci="0" mb="0" cb="0"/><line nr="1557" mi="5" ci="0" mb="2" cb="0"/><line nr="1558" mi="13" ci="0" mb="0" cb="0"/><line nr="1559" mi="5" ci="0" mb="2" cb="0"/><line nr="1560" mi="12" ci="0" mb="0" cb="0"/><line nr="1562" mi="4" ci="0" mb="0" cb="0"/><line nr="1563" mi="6" ci="0" mb="0" cb="0"/><line nr="1566" mi="12" ci="0" mb="2" cb="0"/><line nr="1567" mi="1" ci="0" mb="0" cb="0"/><line nr="1570" mi="10" ci="0" mb="0" cb="0"/><line nr="1571" mi="11" ci="0" mb="2" cb="0"/><line nr="1572" mi="4" ci="0" mb="2" cb="0"/><line nr="1573" mi="2" ci="0" mb="0" cb="0"/><line nr="1574" mi="5" ci="0" mb="2" cb="0"/><line nr="1575" mi="2" ci="0" mb="0" cb="0"/><line nr="1576" mi="5" ci="0" mb="2" cb="0"/><line nr="1577" mi="2" ci="0" mb="0" cb="0"/><line nr="1578" mi="5" ci="0" mb="2" cb="0"/><line nr="1579" mi="2" ci="0" mb="0" cb="0"/><line nr="1580" mi="5" ci="0" mb="2" cb="0"/><line nr="1581" mi="1" ci="0" mb="0" cb="0"/><line nr="1582" mi="1" ci="0" mb="0" cb="0"/><line nr="1583" mi="2" ci="0" mb="2" cb="0"/><line nr="1584" mi="4" ci="0" mb="0" cb="0"/><line nr="1585" mi="5" ci="0" mb="0" cb="0"/><line nr="1587" mi="4" ci="0" mb="0" cb="0"/><line nr="1588" mi="4" ci="0" mb="0" cb="0"/><line nr="1589" mi="5" ci="0" mb="0" cb="0"/><line nr="1591" mi="2" ci="0" mb="2" cb="0"/><line nr="1592" mi="4" ci="0" mb="0" cb="0"/><line nr="1593" mi="5" ci="0" mb="0" cb="0"/><line nr="1595" mi="4" ci="0" mb="0" cb="0"/><line nr="1596" mi="4" ci="0" mb="0" cb="0"/><line nr="1597" mi="5" ci="0" mb="0" cb="0"/><line nr="1599" mi="2" ci="0" mb="2" cb="0"/><line nr="1600" mi="4" ci="0" mb="0" cb="0"/><line nr="1601" mi="5" ci="0" mb="0" cb="0"/><line nr="1603" mi="4" ci="0" mb="0" cb="0"/><line nr="1604" mi="4" ci="0" mb="0" cb="0"/><line nr="1605" mi="5" ci="0" mb="0" cb="0"/><line nr="1607" mi="2" ci="0" mb="2" cb="0"/><line nr="1608" mi="4" ci="0" mb="0" cb="0"/><line nr="1609" mi="5" ci="0" mb="0" cb="0"/><line nr="1611" mi="4" ci="0" mb="0" cb="0"/><line nr="1612" mi="4" ci="0" mb="0" cb="0"/><line nr="1613" mi="5" ci="0" mb="0" cb="0"/><line nr="1615" mi="2" ci="0" mb="2" cb="0"/><line nr="1616" mi="4" ci="0" mb="0" cb="0"/><line nr="1617" mi="5" ci="0" mb="0" cb="0"/><line nr="1619" mi="4" ci="0" mb="0" cb="0"/><line nr="1620" mi="4" ci="0" mb="0" cb="0"/><line nr="1621" mi="5" ci="0" mb="0" cb="0"/><line nr="1624" mi="3" ci="0" mb="2" cb="0"/><line nr="1625" mi="4" ci="0" mb="0" cb="0"/><line nr="1626" mi="5" ci="0" mb="0" cb="0"/><line nr="1628" mi="5" ci="0" mb="2" cb="0"/><line nr="1629" mi="13" ci="0" mb="0" cb="0"/><line nr="1630" mi="5" ci="0" mb="2" cb="0"/><line nr="1631" mi="13" ci="0" mb="0" cb="0"/><line nr="1632" mi="5" ci="0" mb="2" cb="0"/><line nr="1633" mi="12" ci="0" mb="0" cb="0"/><line nr="1635" mi="4" ci="0" mb="0" cb="0"/><line nr="1636" mi="6" ci="0" mb="0" cb="0"/><line nr="1639" mi="12" ci="0" mb="2" cb="0"/><line nr="1640" mi="1" ci="0" mb="0" cb="0"/><line nr="1644" mi="10" ci="0" mb="0" cb="0"/><line nr="1645" mi="11" ci="0" mb="2" cb="0"/><line nr="1646" mi="4" ci="0" mb="2" cb="0"/><line nr="1647" mi="2" ci="0" mb="0" cb="0"/><line nr="1648" mi="5" ci="0" mb="2" cb="0"/><line nr="1649" mi="2" ci="0" mb="0" cb="0"/><line nr="1650" mi="5" ci="0" mb="2" cb="0"/><line nr="1651" mi="2" ci="0" mb="0" cb="0"/><line nr="1652" mi="5" ci="0" mb="2" cb="0"/><line nr="1653" mi="2" ci="0" mb="0" cb="0"/><line nr="1654" mi="5" ci="0" mb="2" cb="0"/><line nr="1655" mi="1" ci="0" mb="0" cb="0"/><line nr="1656" mi="1" ci="0" mb="0" cb="0"/><line nr="1657" mi="2" ci="0" mb="2" cb="0"/><line nr="1658" mi="4" ci="0" mb="0" cb="0"/><line nr="1659" mi="5" ci="0" mb="0" cb="0"/><line nr="1661" mi="4" ci="0" mb="0" cb="0"/><line nr="1662" mi="4" ci="0" mb="0" cb="0"/><line nr="1663" mi="5" ci="0" mb="0" cb="0"/><line nr="1665" mi="2" ci="0" mb="2" cb="0"/><line nr="1666" mi="4" ci="0" mb="0" cb="0"/><line nr="1667" mi="5" ci="0" mb="0" cb="0"/><line nr="1669" mi="4" ci="0" mb="0" cb="0"/><line nr="1670" mi="4" ci="0" mb="0" cb="0"/><line nr="1671" mi="5" ci="0" mb="0" cb="0"/><line nr="1673" mi="2" ci="0" mb="2" cb="0"/><line nr="1674" mi="4" ci="0" mb="0" cb="0"/><line nr="1675" mi="5" ci="0" mb="0" cb="0"/><line nr="1677" mi="4" ci="0" mb="0" cb="0"/><line nr="1678" mi="4" ci="0" mb="0" cb="0"/><line nr="1679" mi="5" ci="0" mb="0" cb="0"/><line nr="1681" mi="2" ci="0" mb="2" cb="0"/><line nr="1682" mi="4" ci="0" mb="0" cb="0"/><line nr="1683" mi="5" ci="0" mb="0" cb="0"/><line nr="1685" mi="4" ci="0" mb="0" cb="0"/><line nr="1686" mi="4" ci="0" mb="0" cb="0"/><line nr="1687" mi="5" ci="0" mb="0" cb="0"/><line nr="1689" mi="2" ci="0" mb="2" cb="0"/><line nr="1690" mi="4" ci="0" mb="0" cb="0"/><line nr="1691" mi="5" ci="0" mb="0" cb="0"/><line nr="1693" mi="4" ci="0" mb="0" cb="0"/><line nr="1694" mi="4" ci="0" mb="0" cb="0"/><line nr="1695" mi="5" ci="0" mb="0" cb="0"/><line nr="1698" mi="3" ci="0" mb="2" cb="0"/><line nr="1699" mi="4" ci="0" mb="0" cb="0"/><line nr="1700" mi="5" ci="0" mb="0" cb="0"/><line nr="1702" mi="5" ci="0" mb="2" cb="0"/><line nr="1703" mi="13" ci="0" mb="0" cb="0"/><line nr="1704" mi="5" ci="0" mb="2" cb="0"/><line nr="1705" mi="13" ci="0" mb="0" cb="0"/><line nr="1706" mi="5" ci="0" mb="2" cb="0"/><line nr="1707" mi="12" ci="0" mb="0" cb="0"/><line nr="1709" mi="4" ci="0" mb="0" cb="0"/><line nr="1710" mi="6" ci="0" mb="0" cb="0"/><line nr="1713" mi="12" ci="0" mb="2" cb="0"/><line nr="1714" mi="1" ci="0" mb="0" cb="0"/><counter type="INSTRUCTION" missed="5600" covered="0"/><counter type="BRANCH" missed="841" covered="0"/><counter type="LINE" missed="1254" covered="0"/><counter type="COMPLEXITY" missed="572" covered="0"/><counter type="METHOD" missed="48" covered="0"/><counter type="CLASS" missed="1" covered="0"/></sourcefile><counter type="INSTRUCTION" missed="5723" covered="0"/><counter type="BRANCH" missed="847" covered="0"/><counter type="LINE" missed="1291" covered="0"/><counter type="COMPLEXITY" missed="589" covered="0"/><counter type="METHOD" missed="62" covered="0"/><counter type="CLASS" missed="4" covered="0"/></package><counter type="INSTRUCTION" missed="13349" covered="3046"/><counter type="BRANCH" missed="1699" covered="298"/><counter type="LINE" missed="2875" covered="606"/><counter type="COMPLEXITY" missed="1289" covered="240"/><counter type="METHOD" missed="286" covered="126"/><counter type="CLASS" missed="37" covered="24"/></report>